#
# There is insufficient memory for the Java Runtime Environment to continue.
# Native memory allocation (malloc) failed to allocate 32744 bytes for ChunkPool::allocate
# Possible reasons:
#   The system is out of physical RAM or swap space
#   The process is running with CompressedOops enabled, and the Java Heap may be blocking the growth of the native heap
# Possible solutions:
#   Reduce memory load on the system
#   Increase physical memory or swap space
#   Check if swap backing store is full
#   Decrease Java heap size (-Xmx/-Xms)
#   Decrease number of Java threads
#   Decrease Java thread stack sizes (-Xss)
#   Set larger code cache with -XX:ReservedCodeCacheSize=
#   JVM is running with Unscaled Compressed Oops mode in which the Java heap is
#     placed in the first 4GB address space. The Java Heap base address is the
#     maximum limit for the native heap growth. Please use -XX:HeapBaseMinAddress
#     to set the Java Heap base and to place the Java Heap above 4GB virtual address.
# This output file may be truncated or incomplete.
#
#  Out of Memory Error (./src/hotspot/share/memory/arena.cpp:81), pid=8492, tid=15316
#
# JRE version: OpenJDK Runtime Environment (11.0.12+7) (build 11.0.12+7-b1504.28-7817840)
# Java VM: OpenJDK 64-Bit Server VM (11.0.12+7-b1504.28-7817840, mixed mode, tiered, compressed oops, g1 gc, windows-amd64)
# No core dump will be written. Minidumps are not enabled by default on client versions of Windows
#

---------------  S U M M A R Y ------------

Command Line: --add-opens=java.base/java.util=ALL-UNNAMED --add-opens=java.base/java.lang=ALL-UNNAMED --add-opens=java.base/java.lang.invoke=ALL-UNNAMED --add-opens=java.base/java.util=ALL-UNNAMED --add-opens=java.prefs/java.util.prefs=ALL-UNNAMED --add-opens=java.prefs/java.util.prefs=ALL-UNNAMED --add-opens=java.base/java.nio.charset=ALL-UNNAMED --add-opens=java.base/java.net=ALL-UNNAMED --add-opens=java.base/java.util.concurrent.atomic=ALL-UNNAMED -Xmx2048m -Dfile.encoding=UTF-8 -Duser.country=CN -Duser.language=zh -Duser.variant org.gradle.launcher.daemon.bootstrap.GradleDaemon 7.3.3

Host: AMD Ryzen 5 1600 Six-Core Processor            , 12 cores, 15G,  Windows 10 , 64 bit Build 19041 (10.0.19041.1889)
Time: Sat Aug 13 16:38:46 2022 中国标准时间 elapsed time: 3.951513 seconds (0d 0h 0m 3s)

---------------  T H R E A D  ---------------

Current thread (0x0000022e23b21800):  JavaThread "C2 CompilerThread0" daemon [_thread_in_native, id=15316, stack(0x0000008a19100000,0x0000008a19200000)]


Current CompileTask:
C2:   3951 2553       4       jdk.internal.loader.URLClassPath::getResource (74 bytes)

Stack: [0x0000008a19100000,0x0000008a19200000]
Native frames: (J=compiled Java code, j=interpreted, Vv=VM code, C=native code)
V  [jvm.dll+0x5fbcea]
V  [jvm.dll+0x731905]
V  [jvm.dll+0x732f1d]
V  [jvm.dll+0x7335d3]
V  [jvm.dll+0x247bf8]
V  [jvm.dll+0xc041b]
V  [jvm.dll+0xc06cc]
V  [jvm.dll+0x36071c]
V  [jvm.dll+0x4f5bce]
V  [jvm.dll+0x4f4fe3]
V  [jvm.dll+0x4f596b]
V  [jvm.dll+0x328832]
V  [jvm.dll+0x327cfa]
V  [jvm.dll+0x200602]
V  [jvm.dll+0x1ff794]
V  [jvm.dll+0x18868c]
V  [jvm.dll+0x20e0d7]
V  [jvm.dll+0x20c901]
V  [jvm.dll+0x6f9b7f]
V  [jvm.dll+0x6f26a5]
V  [jvm.dll+0x5fabf6]
C  [ucrtbase.dll+0x21bb2]
C  [KERNEL32.DLL+0x17034]
C  [ntdll.dll+0x52651]


---------------  P R O C E S S  ---------------

Threads class SMR info:
_java_thread_list=0x0000022e274c1c50, length=32, elements={
0x0000022e08182000, 0x0000022e23aa4000, 0x0000022e23aa5000, 0x0000022e23ac7800,
0x0000022e23ac8800, 0x0000022e23b1b000, 0x0000022e23b21800, 0x0000022e23b2a800,
0x0000022e23b31000, 0x0000022e23c93800, 0x0000022e2620c000, 0x0000022e24f6e000,
0x0000022e23d36800, 0x0000022e25fbd800, 0x0000022e253fd800, 0x0000022e2684b000,
0x0000022e26279000, 0x0000022e23d37800, 0x0000022e25609800, 0x0000022e26e2a800,
0x0000022e26e2d000, 0x0000022e26e2b800, 0x0000022e26e2f800, 0x0000022e26e2a000,
0x0000022e254e9000, 0x0000022e26e2c800, 0x0000022e26e2e000, 0x0000022e26e30800,
0x0000022e26e2f000, 0x0000022e27278800, 0x0000022e27276000, 0x0000022e275fe000
}

Java Threads: ( => current thread )
  0x0000022e08182000 JavaThread "main" [_thread_blocked, id=13952, stack(0x0000008a18500000,0x0000008a18600000)]
  0x0000022e23aa4000 JavaThread "Reference Handler" daemon [_thread_blocked, id=16048, stack(0x0000008a18c00000,0x0000008a18d00000)]
  0x0000022e23aa5000 JavaThread "Finalizer" daemon [_thread_blocked, id=14656, stack(0x0000008a18d00000,0x0000008a18e00000)]
  0x0000022e23ac7800 JavaThread "Signal Dispatcher" daemon [_thread_blocked, id=11956, stack(0x0000008a18e00000,0x0000008a18f00000)]
  0x0000022e23ac8800 JavaThread "Attach Listener" daemon [_thread_blocked, id=14484, stack(0x0000008a18f00000,0x0000008a19000000)]
  0x0000022e23b1b000 JavaThread "Service Thread" daemon [_thread_blocked, id=15388, stack(0x0000008a19000000,0x0000008a19100000)]
=>0x0000022e23b21800 JavaThread "C2 CompilerThread0" daemon [_thread_in_native, id=15316, stack(0x0000008a19100000,0x0000008a19200000)]
  0x0000022e23b2a800 JavaThread "C1 CompilerThread0" daemon [_thread_blocked, id=276, stack(0x0000008a19200000,0x0000008a19300000)]
  0x0000022e23b31000 JavaThread "Sweeper thread" daemon [_thread_blocked, id=9824, stack(0x0000008a19300000,0x0000008a19400000)]
  0x0000022e23c93800 JavaThread "Common-Cleaner" daemon [_thread_blocked, id=2972, stack(0x0000008a19400000,0x0000008a19500000)]
  0x0000022e2620c000 JavaThread "Daemon health stats" [_thread_blocked, id=15872, stack(0x0000008a19d00000,0x0000008a19e00000)]
  0x0000022e24f6e000 JavaThread "Incoming local TCP Connector on port 7798" [_thread_in_native, id=17400, stack(0x0000008a19600000,0x0000008a19700000)]
  0x0000022e23d36800 JavaThread "Daemon periodic checks" [_thread_blocked, id=17340, stack(0x0000008a19700000,0x0000008a19800000)]
  0x0000022e25fbd800 JavaThread "Daemon" [_thread_blocked, id=7916, stack(0x0000008a19e00000,0x0000008a19f00000)]
  0x0000022e253fd800 JavaThread "Handler for socket connection from /127.0.0.1:7798 to /127.0.0.1:7799" [_thread_in_native, id=5968, stack(0x0000008a19f00000,0x0000008a1a000000)]
  0x0000022e2684b000 JavaThread "Cancel handler" [_thread_blocked, id=3504, stack(0x0000008a1a000000,0x0000008a1a100000)]
  0x0000022e26279000 JavaThread "Daemon worker" [_thread_in_vm, id=13972, stack(0x0000008a1a100000,0x0000008a1a200000)]
  0x0000022e23d37800 JavaThread "Asynchronous log dispatcher for DefaultDaemonConnection: socket connection from /127.0.0.1:7798 to /127.0.0.1:7799" [_thread_blocked, id=13484, stack(0x0000008a1a200000,0x0000008a1a300000)]
  0x0000022e25609800 JavaThread "Stdin handler" [_thread_blocked, id=10080, stack(0x0000008a1a300000,0x0000008a1a400000)]
  0x0000022e26e2a800 JavaThread "Daemon client event forwarder" [_thread_blocked, id=16828, stack(0x0000008a1a400000,0x0000008a1a500000)]
  0x0000022e26e2d000 JavaThread "Cache worker for journal cache (C:\Users\lautung\.gradle\caches\journal-1)" [_thread_blocked, id=9872, stack(0x0000008a1a600000,0x0000008a1a700000)]
  0x0000022e26e2b800 JavaThread "File lock request listener" [_thread_in_native, id=9380, stack(0x0000008a1a700000,0x0000008a1a800000)]
  0x0000022e26e2f800 JavaThread "Cache worker for file hash cache (C:\Users\lautung\.gradle\caches\7.3.3\fileHashes)" [_thread_blocked, id=14564, stack(0x0000008a1a800000,0x0000008a1a900000)]
  0x0000022e26e2a000 JavaThread "Cache worker for file hash cache (D:\AndroidProjects\LtPlayer\.gradle\7.3.3\fileHashes)" [_thread_blocked, id=10316, stack(0x0000008a1a500000,0x0000008a1a600000)]
  0x0000022e254e9000 JavaThread "C2 CompilerThread1" daemon [_thread_in_native, id=12524, stack(0x0000008a1af00000,0x0000008a1b000000)]
  0x0000022e26e2c800 JavaThread "File watcher server" daemon [_thread_in_native, id=15580, stack(0x0000008a1b000000,0x0000008a1b100000)]
  0x0000022e26e2e000 JavaThread "File watcher consumer" daemon [_thread_blocked, id=10744, stack(0x0000008a1b100000,0x0000008a1b200000)]
  0x0000022e26e30800 JavaThread "Cache worker for checksums cache (D:\AndroidProjects\LtPlayer\.gradle\7.3.3\checksums)" [_thread_blocked, id=10140, stack(0x0000008a1b200000,0x0000008a1b300000)]
  0x0000022e26e2f000 JavaThread "Cache worker for cache directory md-supplier (C:\Users\lautung\.gradle\caches\7.3.3\md-supplier)" [_thread_blocked, id=2012, stack(0x0000008a1b300000,0x0000008a1b400000)]
  0x0000022e27278800 JavaThread "Cache worker for cache directory md-rule (C:\Users\lautung\.gradle\caches\7.3.3\md-rule)" [_thread_blocked, id=16128, stack(0x0000008a1b400000,0x0000008a1b500000)]
  0x0000022e27276000 JavaThread "Cache worker for execution history cache (C:\Users\lautung\.gradle\caches\7.3.3\executionHistory)" [_thread_blocked, id=11428, stack(0x0000008a1b500000,0x0000008a1b600000)]
  0x0000022e275fe000 JavaThread "C2 CompilerThread2" daemon [_thread_blocked, id=10256, stack(0x0000008a1b600000,0x0000008a1b700000)]

Other Threads:
  0x0000022e23aa2000 VMThread "VM Thread" [stack: 0x0000008a18b00000,0x0000008a18c00000] [id=10340]
  0x0000022e23cb8000 WatcherThread [stack: 0x0000008a19500000,0x0000008a19600000] [id=15284]
  0x0000022e0819b000 GCTaskThread "GC Thread#0" [stack: 0x0000008a18600000,0x0000008a18700000] [id=14204]
  0x0000022e24b49000 GCTaskThread "GC Thread#1" [stack: 0x0000008a19800000,0x0000008a19900000] [id=1072]
  0x0000022e24086800 GCTaskThread "GC Thread#2" [stack: 0x0000008a19900000,0x0000008a19a00000] [id=17012]
  0x0000022e2465f000 GCTaskThread "GC Thread#3" [stack: 0x0000008a19a00000,0x0000008a19b00000] [id=14556]
  0x0000022e24821000 GCTaskThread "GC Thread#4" [stack: 0x0000008a19b00000,0x0000008a19c00000] [id=3036]
  0x0000022e245c6800 GCTaskThread "GC Thread#5" [stack: 0x0000008a19c00000,0x0000008a19d00000] [id=6808]
  0x0000022e26897800 GCTaskThread "GC Thread#6" [stack: 0x0000008a1a900000,0x0000008a1aa00000] [id=568]
  0x0000022e25f15800 GCTaskThread "GC Thread#7" [stack: 0x0000008a1aa00000,0x0000008a1ab00000] [id=6468]
  0x0000022e26894000 GCTaskThread "GC Thread#8" [stack: 0x0000008a1ab00000,0x0000008a1ac00000] [id=8620]
  0x0000022e26894800 GCTaskThread "GC Thread#9" [stack: 0x0000008a1ac00000,0x0000008a1ad00000] [id=3684]
  0x0000022e081cd000 ConcurrentGCThread "G1 Main Marker" [stack: 0x0000008a18700000,0x0000008a18800000] [id=1468]
  0x0000022e081ce800 ConcurrentGCThread "G1 Conc#0" [stack: 0x0000008a18800000,0x0000008a18900000] [id=9944]
  0x0000022e26519000 ConcurrentGCThread "G1 Conc#1" [stack: 0x0000008a1ad00000,0x0000008a1ae00000] [id=15924]
  0x0000022e24c96000 ConcurrentGCThread "G1 Conc#2" [stack: 0x0000008a1ae00000,0x0000008a1af00000] [id=9948]
  0x0000022e230e7800 ConcurrentGCThread "G1 Refine#0" [stack: 0x0000008a18900000,0x0000008a18a00000] [id=9932]
  0x0000022e230e8800 ConcurrentGCThread "G1 Young RemSet Sampling" [stack: 0x0000008a18a00000,0x0000008a18b00000] [id=17320]

Threads with active compile tasks:
C2 CompilerThread0   3975 2553       4       jdk.internal.loader.URLClassPath::getResource (74 bytes)
C2 CompilerThread1   3975 2552  s!   4       jdk.internal.loader.URLClassPath::getLoader (194 bytes)

VM state:not at safepoint (normal execution)

VM Mutex/Monitor currently owned by a thread: None

Heap address: 0x0000000080000000, size: 2048 MB, Compressed Oops mode: 32-bit
Narrow klass base: 0x0000000000000000, Narrow klass shift: 3
Compressed class space size: 1073741824 Address: 0x0000000100000000

Heap:
 garbage-first heap   total 262144K, used 98358K [0x0000000080000000, 0x0000000100000000)
  region size 1024K, 81 young (82944K), 2 survivors (2048K)
 Metaspace       used 33449K, capacity 34284K, committed 34352K, reserved 1079296K
  class space    used 4369K, capacity 4677K, committed 4736K, reserved 1048576K
Heap Regions: E=young(eden), S=young(survivor), O=old, HS=humongous(starts), HC=humongous(continues), CS=collection set, F=free, A=archive, TAMS=top-at-mark-start (previous, next)
|   0|0x0000000080000000, 0x0000000080100000, 0x0000000080100000|100%| O|  |TAMS 0x0000000080000000, 0x0000000080000000| Untracked 
|   1|0x0000000080100000, 0x0000000080200000, 0x0000000080200000|100%| O|  |TAMS 0x0000000080100000, 0x0000000080100000| Untracked 
|   2|0x0000000080200000, 0x0000000080300000, 0x0000000080300000|100%| O|  |TAMS 0x0000000080200000, 0x0000000080200000| Untracked 
|   3|0x0000000080300000, 0x0000000080400000, 0x0000000080400000|100%|HS|  |TAMS 0x0000000080400000, 0x0000000080300000| Complete 
|   4|0x0000000080400000, 0x0000000080500000, 0x0000000080500000|100%|HC|  |TAMS 0x0000000080500000, 0x0000000080400000| Complete 
|   5|0x0000000080500000, 0x0000000080600000, 0x0000000080600000|100%|HC|  |TAMS 0x0000000080600000, 0x0000000080500000| Complete 
|   6|0x0000000080600000, 0x0000000080700000, 0x0000000080700000|100%| O|  |TAMS 0x0000000080700000, 0x0000000080600000| Untracked 
|   7|0x0000000080700000, 0x0000000080800000, 0x0000000080800000|100%| O|  |TAMS 0x0000000080800000, 0x0000000080700000| Untracked 
|   8|0x0000000080800000, 0x0000000080900000, 0x0000000080900000|100%| O|  |TAMS 0x0000000080900000, 0x0000000080800000| Untracked 
|   9|0x0000000080900000, 0x0000000080a00000, 0x0000000080a00000|100%| O|  |TAMS 0x0000000080922800, 0x0000000080900000| Untracked 
|  10|0x0000000080a00000, 0x0000000080b00000, 0x0000000080b00000|100%| O|  |TAMS 0x0000000080a00000, 0x0000000080a00000| Untracked 
|  11|0x0000000080b00000, 0x0000000080c00000, 0x0000000080c00000|100%| O|  |TAMS 0x0000000080b00000, 0x0000000080b00000| Untracked 
|  12|0x0000000080c00000, 0x0000000080d00000, 0x0000000080d00000|100%| O|  |TAMS 0x0000000080c00000, 0x0000000080c00000| Untracked 
|  13|0x0000000080d00000, 0x0000000080e00000, 0x0000000080e00000|100%| O|  |TAMS 0x0000000080d00000, 0x0000000080d00000| Untracked 
|  14|0x0000000080e00000, 0x0000000080f00000, 0x0000000080f00000|100%| O|  |TAMS 0x0000000080e00000, 0x0000000080e00000| Untracked 
|  15|0x0000000080f00000, 0x0000000081000000, 0x0000000081000000|100%| O|  |TAMS 0x0000000080f00000, 0x0000000080f00000| Untracked 
|  16|0x0000000081000000, 0x000000008105a600, 0x0000000081100000| 35%| O|  |TAMS 0x0000000081000000, 0x0000000081000000| Untracked 
|  17|0x0000000081100000, 0x0000000081100000, 0x0000000081200000|  0%| F|  |TAMS 0x0000000081100000, 0x0000000081100000| Untracked 
|  18|0x0000000081200000, 0x0000000081200000, 0x0000000081300000|  0%| F|  |TAMS 0x0000000081200000, 0x0000000081200000| Untracked 
|  19|0x0000000081300000, 0x0000000081300000, 0x0000000081400000|  0%| F|  |TAMS 0x0000000081300000, 0x0000000081300000| Untracked 
|  20|0x0000000081400000, 0x0000000081400000, 0x0000000081500000|  0%| F|  |TAMS 0x0000000081400000, 0x0000000081400000| Untracked 
|  21|0x0000000081500000, 0x0000000081500000, 0x0000000081600000|  0%| F|  |TAMS 0x0000000081500000, 0x0000000081500000| Untracked 
|  22|0x0000000081600000, 0x0000000081600000, 0x0000000081700000|  0%| F|  |TAMS 0x0000000081600000, 0x0000000081600000| Untracked 
|  23|0x0000000081700000, 0x0000000081700000, 0x0000000081800000|  0%| F|  |TAMS 0x0000000081700000, 0x0000000081700000| Untracked 
|  24|0x0000000081800000, 0x0000000081800000, 0x0000000081900000|  0%| F|  |TAMS 0x0000000081800000, 0x0000000081800000| Untracked 
|  25|0x0000000081900000, 0x0000000081900000, 0x0000000081a00000|  0%| F|  |TAMS 0x0000000081900000, 0x0000000081900000| Untracked 
|  26|0x0000000081a00000, 0x0000000081a00000, 0x0000000081b00000|  0%| F|  |TAMS 0x0000000081a00000, 0x0000000081a00000| Untracked 
|  27|0x0000000081b00000, 0x0000000081b00000, 0x0000000081c00000|  0%| F|  |TAMS 0x0000000081b00000, 0x0000000081b00000| Untracked 
|  28|0x0000000081c00000, 0x0000000081c00000, 0x0000000081d00000|  0%| F|  |TAMS 0x0000000081c00000, 0x0000000081c00000| Untracked 
|  29|0x0000000081d00000, 0x0000000081d00000, 0x0000000081e00000|  0%| F|  |TAMS 0x0000000081d00000, 0x0000000081d00000| Untracked 
|  30|0x0000000081e00000, 0x0000000081e00000, 0x0000000081f00000|  0%| F|  |TAMS 0x0000000081e00000, 0x0000000081e00000| Untracked 
|  31|0x0000000081f00000, 0x0000000081f00000, 0x0000000082000000|  0%| F|  |TAMS 0x0000000081f00000, 0x0000000081f00000| Untracked 
|  32|0x0000000082000000, 0x0000000082000000, 0x0000000082100000|  0%| F|  |TAMS 0x0000000082000000, 0x0000000082000000| Untracked 
|  33|0x0000000082100000, 0x0000000082100000, 0x0000000082200000|  0%| F|  |TAMS 0x0000000082100000, 0x0000000082100000| Untracked 
|  34|0x0000000082200000, 0x0000000082200000, 0x0000000082300000|  0%| F|  |TAMS 0x0000000082200000, 0x0000000082200000| Untracked 
|  35|0x0000000082300000, 0x0000000082300000, 0x0000000082400000|  0%| F|  |TAMS 0x0000000082300000, 0x0000000082300000| Untracked 
|  36|0x0000000082400000, 0x0000000082400000, 0x0000000082500000|  0%| F|  |TAMS 0x0000000082400000, 0x0000000082400000| Untracked 
|  37|0x0000000082500000, 0x0000000082500000, 0x0000000082600000|  0%| F|  |TAMS 0x0000000082500000, 0x0000000082500000| Untracked 
|  38|0x0000000082600000, 0x0000000082600000, 0x0000000082700000|  0%| F|  |TAMS 0x0000000082600000, 0x0000000082600000| Untracked 
|  39|0x0000000082700000, 0x0000000082700000, 0x0000000082800000|  0%| F|  |TAMS 0x0000000082700000, 0x0000000082700000| Untracked 
|  40|0x0000000082800000, 0x0000000082800000, 0x0000000082900000|  0%| F|  |TAMS 0x0000000082800000, 0x0000000082800000| Untracked 
|  41|0x0000000082900000, 0x0000000082900000, 0x0000000082a00000|  0%| F|  |TAMS 0x0000000082900000, 0x0000000082900000| Untracked 
|  42|0x0000000082a00000, 0x0000000082a00000, 0x0000000082b00000|  0%| F|  |TAMS 0x0000000082a00000, 0x0000000082a00000| Untracked 
|  43|0x0000000082b00000, 0x0000000082b00000, 0x0000000082c00000|  0%| F|  |TAMS 0x0000000082b00000, 0x0000000082b00000| Untracked 
|  44|0x0000000082c00000, 0x0000000082c00000, 0x0000000082d00000|  0%| F|  |TAMS 0x0000000082c00000, 0x0000000082c00000| Untracked 
|  45|0x0000000082d00000, 0x0000000082d00000, 0x0000000082e00000|  0%| F|  |TAMS 0x0000000082d00000, 0x0000000082d00000| Untracked 
|  46|0x0000000082e00000, 0x0000000082e00000, 0x0000000082f00000|  0%| F|  |TAMS 0x0000000082e00000, 0x0000000082e00000| Untracked 
|  47|0x0000000082f00000, 0x0000000082f00000, 0x0000000083000000|  0%| F|  |TAMS 0x0000000082f00000, 0x0000000082f00000| Untracked 
|  48|0x0000000083000000, 0x0000000083000000, 0x0000000083100000|  0%| F|  |TAMS 0x0000000083000000, 0x0000000083000000| Untracked 
|  49|0x0000000083100000, 0x0000000083100000, 0x0000000083200000|  0%| F|  |TAMS 0x0000000083100000, 0x0000000083100000| Untracked 
|  50|0x0000000083200000, 0x0000000083200000, 0x0000000083300000|  0%| F|  |TAMS 0x0000000083200000, 0x0000000083200000| Untracked 
|  51|0x0000000083300000, 0x0000000083300000, 0x0000000083400000|  0%| F|  |TAMS 0x0000000083300000, 0x0000000083300000| Untracked 
|  52|0x0000000083400000, 0x0000000083400000, 0x0000000083500000|  0%| F|  |TAMS 0x0000000083400000, 0x0000000083400000| Untracked 
|  53|0x0000000083500000, 0x0000000083500000, 0x0000000083600000|  0%| F|  |TAMS 0x0000000083500000, 0x0000000083500000| Untracked 
|  54|0x0000000083600000, 0x0000000083600000, 0x0000000083700000|  0%| F|  |TAMS 0x0000000083600000, 0x0000000083600000| Untracked 
|  55|0x0000000083700000, 0x0000000083700000, 0x0000000083800000|  0%| F|  |TAMS 0x0000000083700000, 0x0000000083700000| Untracked 
|  56|0x0000000083800000, 0x0000000083800000, 0x0000000083900000|  0%| F|  |TAMS 0x0000000083800000, 0x0000000083800000| Untracked 
|  57|0x0000000083900000, 0x0000000083900000, 0x0000000083a00000|  0%| F|  |TAMS 0x0000000083900000, 0x0000000083900000| Untracked 
|  58|0x0000000083a00000, 0x0000000083a00000, 0x0000000083b00000|  0%| F|  |TAMS 0x0000000083a00000, 0x0000000083a00000| Untracked 
|  59|0x0000000083b00000, 0x0000000083b00000, 0x0000000083c00000|  0%| F|  |TAMS 0x0000000083b00000, 0x0000000083b00000| Untracked 
|  60|0x0000000083c00000, 0x0000000083c00000, 0x0000000083d00000|  0%| F|  |TAMS 0x0000000083c00000, 0x0000000083c00000| Untracked 
|  61|0x0000000083d00000, 0x0000000083d00000, 0x0000000083e00000|  0%| F|  |TAMS 0x0000000083d00000, 0x0000000083d00000| Untracked 
|  62|0x0000000083e00000, 0x0000000083e00000, 0x0000000083f00000|  0%| F|  |TAMS 0x0000000083e00000, 0x0000000083e00000| Untracked 
|  63|0x0000000083f00000, 0x0000000083f00000, 0x0000000084000000|  0%| F|  |TAMS 0x0000000083f00000, 0x0000000083f00000| Untracked 
|  64|0x0000000084000000, 0x0000000084000000, 0x0000000084100000|  0%| F|  |TAMS 0x0000000084000000, 0x0000000084000000| Untracked 
|  65|0x0000000084100000, 0x0000000084100000, 0x0000000084200000|  0%| F|  |TAMS 0x0000000084100000, 0x0000000084100000| Untracked 
|  66|0x0000000084200000, 0x0000000084200000, 0x0000000084300000|  0%| F|  |TAMS 0x0000000084200000, 0x0000000084200000| Untracked 
|  67|0x0000000084300000, 0x0000000084300000, 0x0000000084400000|  0%| F|  |TAMS 0x0000000084300000, 0x0000000084300000| Untracked 
|  68|0x0000000084400000, 0x0000000084400000, 0x0000000084500000|  0%| F|  |TAMS 0x0000000084400000, 0x0000000084400000| Untracked 
|  69|0x0000000084500000, 0x0000000084500000, 0x0000000084600000|  0%| F|  |TAMS 0x0000000084500000, 0x0000000084500000| Untracked 
|  70|0x0000000084600000, 0x0000000084600000, 0x0000000084700000|  0%| F|  |TAMS 0x0000000084600000, 0x0000000084600000| Untracked 
|  71|0x0000000084700000, 0x0000000084700000, 0x0000000084800000|  0%| F|  |TAMS 0x0000000084700000, 0x0000000084700000| Untracked 
|  72|0x0000000084800000, 0x0000000084800000, 0x0000000084900000|  0%| F|  |TAMS 0x0000000084800000, 0x0000000084800000| Untracked 
|  73|0x0000000084900000, 0x0000000084900000, 0x0000000084a00000|  0%| F|  |TAMS 0x0000000084900000, 0x0000000084900000| Untracked 
|  74|0x0000000084a00000, 0x0000000084a00000, 0x0000000084b00000|  0%| F|  |TAMS 0x0000000084a00000, 0x0000000084a00000| Untracked 
|  75|0x0000000084b00000, 0x0000000084b00000, 0x0000000084c00000|  0%| F|  |TAMS 0x0000000084b00000, 0x0000000084b00000| Untracked 
|  76|0x0000000084c00000, 0x0000000084c00000, 0x0000000084d00000|  0%| F|  |TAMS 0x0000000084c00000, 0x0000000084c00000| Untracked 
|  77|0x0000000084d00000, 0x0000000084d00000, 0x0000000084e00000|  0%| F|  |TAMS 0x0000000084d00000, 0x0000000084d00000| Untracked 
|  78|0x0000000084e00000, 0x0000000084e00000, 0x0000000084f00000|  0%| F|  |TAMS 0x0000000084e00000, 0x0000000084e00000| Untracked 
|  79|0x0000000084f00000, 0x0000000084f00000, 0x0000000085000000|  0%| F|  |TAMS 0x0000000084f00000, 0x0000000084f00000| Untracked 
|  80|0x0000000085000000, 0x0000000085000000, 0x0000000085100000|  0%| F|  |TAMS 0x0000000085000000, 0x0000000085000000| Untracked 
|  81|0x0000000085100000, 0x0000000085100000, 0x0000000085200000|  0%| F|  |TAMS 0x0000000085100000, 0x0000000085100000| Untracked 
|  82|0x0000000085200000, 0x0000000085200000, 0x0000000085300000|  0%| F|  |TAMS 0x0000000085200000, 0x0000000085200000| Untracked 
|  83|0x0000000085300000, 0x0000000085300000, 0x0000000085400000|  0%| F|  |TAMS 0x0000000085300000, 0x0000000085300000| Untracked 
|  84|0x0000000085400000, 0x0000000085400000, 0x0000000085500000|  0%| F|  |TAMS 0x0000000085400000, 0x0000000085400000| Untracked 
|  85|0x0000000085500000, 0x0000000085500000, 0x0000000085600000|  0%| F|  |TAMS 0x0000000085500000, 0x0000000085500000| Untracked 
|  86|0x0000000085600000, 0x0000000085600000, 0x0000000085700000|  0%| F|  |TAMS 0x0000000085600000, 0x0000000085600000| Untracked 
|  87|0x0000000085700000, 0x0000000085700000, 0x0000000085800000|  0%| F|  |TAMS 0x0000000085700000, 0x0000000085700000| Untracked 
|  88|0x0000000085800000, 0x0000000085800000, 0x0000000085900000|  0%| F|  |TAMS 0x0000000085800000, 0x0000000085800000| Untracked 
|  89|0x0000000085900000, 0x0000000085900000, 0x0000000085a00000|  0%| F|  |TAMS 0x0000000085900000, 0x0000000085900000| Untracked 
|  90|0x0000000085a00000, 0x0000000085a00000, 0x0000000085b00000|  0%| F|  |TAMS 0x0000000085a00000, 0x0000000085a00000| Untracked 
|  91|0x0000000085b00000, 0x0000000085b00000, 0x0000000085c00000|  0%| F|  |TAMS 0x0000000085b00000, 0x0000000085b00000| Untracked 
|  92|0x0000000085c00000, 0x0000000085c00000, 0x0000000085d00000|  0%| F|  |TAMS 0x0000000085c00000, 0x0000000085c00000| Untracked 
|  93|0x0000000085d00000, 0x0000000085d00000, 0x0000000085e00000|  0%| F|  |TAMS 0x0000000085d00000, 0x0000000085d00000| Untracked 
|  94|0x0000000085e00000, 0x0000000085e00000, 0x0000000085f00000|  0%| F|  |TAMS 0x0000000085e00000, 0x0000000085e00000| Untracked 
|  95|0x0000000085f00000, 0x0000000085f00000, 0x0000000086000000|  0%| F|  |TAMS 0x0000000085f00000, 0x0000000085f00000| Untracked 
|  96|0x0000000086000000, 0x0000000086000000, 0x0000000086100000|  0%| F|  |TAMS 0x0000000086000000, 0x0000000086000000| Untracked 
|  97|0x0000000086100000, 0x0000000086100000, 0x0000000086200000|  0%| F|  |TAMS 0x0000000086100000, 0x0000000086100000| Untracked 
|  98|0x0000000086200000, 0x0000000086200000, 0x0000000086300000|  0%| F|  |TAMS 0x0000000086200000, 0x0000000086200000| Untracked 
|  99|0x0000000086300000, 0x0000000086300000, 0x0000000086400000|  0%| F|  |TAMS 0x0000000086300000, 0x0000000086300000| Untracked 
| 100|0x0000000086400000, 0x0000000086400000, 0x0000000086500000|  0%| F|  |TAMS 0x0000000086400000, 0x0000000086400000| Untracked 
| 101|0x0000000086500000, 0x0000000086500000, 0x0000000086600000|  0%| F|  |TAMS 0x0000000086500000, 0x0000000086500000| Untracked 
| 102|0x0000000086600000, 0x0000000086600000, 0x0000000086700000|  0%| F|  |TAMS 0x0000000086600000, 0x0000000086600000| Untracked 
| 103|0x0000000086700000, 0x0000000086700000, 0x0000000086800000|  0%| F|  |TAMS 0x0000000086700000, 0x0000000086700000| Untracked 
| 104|0x0000000086800000, 0x0000000086800000, 0x0000000086900000|  0%| F|  |TAMS 0x0000000086800000, 0x0000000086800000| Untracked 
| 105|0x0000000086900000, 0x0000000086900000, 0x0000000086a00000|  0%| F|  |TAMS 0x0000000086900000, 0x0000000086900000| Untracked 
| 106|0x0000000086a00000, 0x0000000086a00000, 0x0000000086b00000|  0%| F|  |TAMS 0x0000000086a00000, 0x0000000086a00000| Untracked 
| 107|0x0000000086b00000, 0x0000000086b00000, 0x0000000086c00000|  0%| F|  |TAMS 0x0000000086b00000, 0x0000000086b00000| Untracked 
| 108|0x0000000086c00000, 0x0000000086c00000, 0x0000000086d00000|  0%| F|  |TAMS 0x0000000086c00000, 0x0000000086c00000| Untracked 
| 109|0x0000000086d00000, 0x0000000086d00000, 0x0000000086e00000|  0%| F|  |TAMS 0x0000000086d00000, 0x0000000086d00000| Untracked 
| 110|0x0000000086e00000, 0x0000000086e00000, 0x0000000086f00000|  0%| F|  |TAMS 0x0000000086e00000, 0x0000000086e00000| Untracked 
| 111|0x0000000086f00000, 0x0000000086f00000, 0x0000000087000000|  0%| F|  |TAMS 0x0000000086f00000, 0x0000000086f00000| Untracked 
| 112|0x0000000087000000, 0x0000000087000000, 0x0000000087100000|  0%| F|  |TAMS 0x0000000087000000, 0x0000000087000000| Untracked 
| 113|0x0000000087100000, 0x0000000087100000, 0x0000000087200000|  0%| F|  |TAMS 0x0000000087100000, 0x0000000087100000| Untracked 
| 114|0x0000000087200000, 0x0000000087200000, 0x0000000087300000|  0%| F|  |TAMS 0x0000000087200000, 0x0000000087200000| Untracked 
| 115|0x0000000087300000, 0x0000000087300000, 0x0000000087400000|  0%| F|  |TAMS 0x0000000087300000, 0x0000000087300000| Untracked 
| 116|0x0000000087400000, 0x0000000087400000, 0x0000000087500000|  0%| F|  |TAMS 0x0000000087400000, 0x0000000087400000| Untracked 
| 117|0x0000000087500000, 0x0000000087500000, 0x0000000087600000|  0%| F|  |TAMS 0x0000000087500000, 0x0000000087500000| Untracked 
| 118|0x0000000087600000, 0x0000000087600000, 0x0000000087700000|  0%| F|  |TAMS 0x0000000087600000, 0x0000000087600000| Untracked 
| 119|0x0000000087700000, 0x0000000087700000, 0x0000000087800000|  0%| F|  |TAMS 0x0000000087700000, 0x0000000087700000| Untracked 
| 120|0x0000000087800000, 0x0000000087800000, 0x0000000087900000|  0%| F|  |TAMS 0x0000000087800000, 0x0000000087800000| Untracked 
| 121|0x0000000087900000, 0x0000000087900000, 0x0000000087a00000|  0%| F|  |TAMS 0x0000000087900000, 0x0000000087900000| Untracked 
| 122|0x0000000087a00000, 0x0000000087a00000, 0x0000000087b00000|  0%| F|  |TAMS 0x0000000087a00000, 0x0000000087a00000| Untracked 
| 123|0x0000000087b00000, 0x0000000087b00000, 0x0000000087c00000|  0%| F|  |TAMS 0x0000000087b00000, 0x0000000087b00000| Untracked 
| 124|0x0000000087c00000, 0x0000000087c00000, 0x0000000087d00000|  0%| F|  |TAMS 0x0000000087c00000, 0x0000000087c00000| Untracked 
| 125|0x0000000087d00000, 0x0000000087d00000, 0x0000000087e00000|  0%| F|  |TAMS 0x0000000087d00000, 0x0000000087d00000| Untracked 
| 126|0x0000000087e00000, 0x0000000087e00000, 0x0000000087f00000|  0%| F|  |TAMS 0x0000000087e00000, 0x0000000087e00000| Untracked 
| 127|0x0000000087f00000, 0x0000000087f00000, 0x0000000088000000|  0%| F|  |TAMS 0x0000000087f00000, 0x0000000087f00000| Untracked 
| 128|0x0000000088000000, 0x0000000088000000, 0x0000000088100000|  0%| F|  |TAMS 0x0000000088000000, 0x0000000088000000| Untracked 
| 129|0x0000000088100000, 0x0000000088100000, 0x0000000088200000|  0%| F|  |TAMS 0x0000000088100000, 0x0000000088100000| Untracked 
| 130|0x0000000088200000, 0x0000000088200000, 0x0000000088300000|  0%| F|  |TAMS 0x0000000088200000, 0x0000000088200000| Untracked 
| 131|0x0000000088300000, 0x0000000088300000, 0x0000000088400000|  0%| F|  |TAMS 0x0000000088300000, 0x0000000088300000| Untracked 
| 132|0x0000000088400000, 0x0000000088400000, 0x0000000088500000|  0%| F|  |TAMS 0x0000000088400000, 0x0000000088400000| Untracked 
| 133|0x0000000088500000, 0x0000000088500000, 0x0000000088600000|  0%| F|  |TAMS 0x0000000088500000, 0x0000000088500000| Untracked 
| 134|0x0000000088600000, 0x0000000088600000, 0x0000000088700000|  0%| F|  |TAMS 0x0000000088600000, 0x0000000088600000| Untracked 
| 135|0x0000000088700000, 0x0000000088700000, 0x0000000088800000|  0%| F|  |TAMS 0x0000000088700000, 0x0000000088700000| Untracked 
| 136|0x0000000088800000, 0x0000000088800000, 0x0000000088900000|  0%| F|  |TAMS 0x0000000088800000, 0x0000000088800000| Untracked 
| 137|0x0000000088900000, 0x0000000088900000, 0x0000000088a00000|  0%| F|  |TAMS 0x0000000088900000, 0x0000000088900000| Untracked 
| 138|0x0000000088a00000, 0x0000000088a00000, 0x0000000088b00000|  0%| F|  |TAMS 0x0000000088a00000, 0x0000000088a00000| Untracked 
| 139|0x0000000088b00000, 0x0000000088b00000, 0x0000000088c00000|  0%| F|  |TAMS 0x0000000088b00000, 0x0000000088b00000| Untracked 
| 140|0x0000000088c00000, 0x0000000088c00000, 0x0000000088d00000|  0%| F|  |TAMS 0x0000000088c00000, 0x0000000088c00000| Untracked 
| 141|0x0000000088d00000, 0x0000000088d00000, 0x0000000088e00000|  0%| F|  |TAMS 0x0000000088d00000, 0x0000000088d00000| Untracked 
| 142|0x0000000088e00000, 0x0000000088e00000, 0x0000000088f00000|  0%| F|  |TAMS 0x0000000088e00000, 0x0000000088e00000| Untracked 
| 143|0x0000000088f00000, 0x0000000088f00000, 0x0000000089000000|  0%| F|  |TAMS 0x0000000088f00000, 0x0000000088f00000| Untracked 
| 144|0x0000000089000000, 0x0000000089000000, 0x0000000089100000|  0%| F|  |TAMS 0x0000000089000000, 0x0000000089000000| Untracked 
| 145|0x0000000089100000, 0x0000000089100000, 0x0000000089200000|  0%| F|  |TAMS 0x0000000089100000, 0x0000000089100000| Untracked 
| 146|0x0000000089200000, 0x0000000089200000, 0x0000000089300000|  0%| F|  |TAMS 0x0000000089200000, 0x0000000089200000| Untracked 
| 147|0x0000000089300000, 0x0000000089300000, 0x0000000089400000|  0%| F|  |TAMS 0x0000000089300000, 0x0000000089300000| Untracked 
| 148|0x0000000089400000, 0x0000000089400000, 0x0000000089500000|  0%| F|  |TAMS 0x0000000089400000, 0x0000000089400000| Untracked 
| 149|0x0000000089500000, 0x0000000089500000, 0x0000000089600000|  0%| F|  |TAMS 0x0000000089500000, 0x0000000089500000| Untracked 
| 150|0x0000000089600000, 0x0000000089600000, 0x0000000089700000|  0%| F|  |TAMS 0x0000000089600000, 0x0000000089600000| Untracked 
| 151|0x0000000089700000, 0x0000000089700000, 0x0000000089800000|  0%| F|  |TAMS 0x0000000089700000, 0x0000000089700000| Untracked 
| 152|0x0000000089800000, 0x0000000089800000, 0x0000000089900000|  0%| F|  |TAMS 0x0000000089800000, 0x0000000089800000| Untracked 
| 153|0x0000000089900000, 0x0000000089900000, 0x0000000089a00000|  0%| F|  |TAMS 0x0000000089900000, 0x0000000089900000| Untracked 
| 154|0x0000000089a00000, 0x0000000089a00000, 0x0000000089b00000|  0%| F|  |TAMS 0x0000000089a00000, 0x0000000089a00000| Untracked 
| 155|0x0000000089b00000, 0x0000000089b00000, 0x0000000089c00000|  0%| F|  |TAMS 0x0000000089b00000, 0x0000000089b00000| Untracked 
| 156|0x0000000089c00000, 0x0000000089c00000, 0x0000000089d00000|  0%| F|  |TAMS 0x0000000089c00000, 0x0000000089c00000| Untracked 
| 157|0x0000000089d00000, 0x0000000089d00000, 0x0000000089e00000|  0%| F|  |TAMS 0x0000000089d00000, 0x0000000089d00000| Untracked 
| 158|0x0000000089e00000, 0x0000000089e00000, 0x0000000089f00000|  0%| F|  |TAMS 0x0000000089e00000, 0x0000000089e00000| Untracked 
| 159|0x0000000089f00000, 0x0000000089f00000, 0x000000008a000000|  0%| F|  |TAMS 0x0000000089f00000, 0x0000000089f00000| Untracked 
| 160|0x000000008a000000, 0x000000008a000000, 0x000000008a100000|  0%| F|  |TAMS 0x000000008a000000, 0x000000008a000000| Untracked 
| 161|0x000000008a100000, 0x000000008a100000, 0x000000008a200000|  0%| F|  |TAMS 0x000000008a100000, 0x000000008a100000| Untracked 
| 162|0x000000008a200000, 0x000000008a200000, 0x000000008a300000|  0%| F|  |TAMS 0x000000008a200000, 0x000000008a200000| Untracked 
| 163|0x000000008a300000, 0x000000008a300000, 0x000000008a400000|  0%| F|  |TAMS 0x000000008a300000, 0x000000008a300000| Untracked 
| 164|0x000000008a400000, 0x000000008a400000, 0x000000008a500000|  0%| F|  |TAMS 0x000000008a400000, 0x000000008a400000| Untracked 
| 165|0x000000008a500000, 0x000000008a500000, 0x000000008a600000|  0%| F|  |TAMS 0x000000008a500000, 0x000000008a500000| Untracked 
| 166|0x000000008a600000, 0x000000008a600000, 0x000000008a700000|  0%| F|  |TAMS 0x000000008a600000, 0x000000008a600000| Untracked 
| 167|0x000000008a700000, 0x000000008a700000, 0x000000008a800000|  0%| F|  |TAMS 0x000000008a700000, 0x000000008a700000| Untracked 
| 168|0x000000008a800000, 0x000000008a800000, 0x000000008a900000|  0%| F|  |TAMS 0x000000008a800000, 0x000000008a800000| Untracked 
| 169|0x000000008a900000, 0x000000008a900000, 0x000000008aa00000|  0%| F|  |TAMS 0x000000008a900000, 0x000000008a900000| Untracked 
| 170|0x000000008aa00000, 0x000000008aa00000, 0x000000008ab00000|  0%| F|  |TAMS 0x000000008aa00000, 0x000000008aa00000| Untracked 
| 171|0x000000008ab00000, 0x000000008ab00000, 0x000000008ac00000|  0%| F|  |TAMS 0x000000008ab00000, 0x000000008ab00000| Untracked 
| 172|0x000000008ac00000, 0x000000008ac00000, 0x000000008ad00000|  0%| F|  |TAMS 0x000000008ac00000, 0x000000008ac00000| Untracked 
| 173|0x000000008ad00000, 0x000000008ad00000, 0x000000008ae00000|  0%| F|  |TAMS 0x000000008ad00000, 0x000000008ad00000| Untracked 
| 174|0x000000008ae00000, 0x000000008ae00000, 0x000000008af00000|  0%| F|  |TAMS 0x000000008ae00000, 0x000000008ae00000| Untracked 
| 175|0x000000008af00000, 0x000000008b000000, 0x000000008b000000|100%| E|  |TAMS 0x000000008af00000, 0x000000008af00000| Complete 
| 176|0x000000008b000000, 0x000000008b100000, 0x000000008b100000|100%| E|CS|TAMS 0x000000008b000000, 0x000000008b000000| Complete 
| 177|0x000000008b100000, 0x000000008b200000, 0x000000008b200000|100%| E|CS|TAMS 0x000000008b100000, 0x000000008b100000| Complete 
| 178|0x000000008b200000, 0x000000008b300000, 0x000000008b300000|100%| E|CS|TAMS 0x000000008b200000, 0x000000008b200000| Complete 
| 179|0x000000008b300000, 0x000000008b400000, 0x000000008b400000|100%| E|CS|TAMS 0x000000008b300000, 0x000000008b300000| Complete 
| 180|0x000000008b400000, 0x000000008b500000, 0x000000008b500000|100%| E|CS|TAMS 0x000000008b400000, 0x000000008b400000| Complete 
| 181|0x000000008b500000, 0x000000008b600000, 0x000000008b600000|100%| E|CS|TAMS 0x000000008b500000, 0x000000008b500000| Complete 
| 182|0x000000008b600000, 0x000000008b700000, 0x000000008b700000|100%| E|CS|TAMS 0x000000008b600000, 0x000000008b600000| Complete 
| 183|0x000000008b700000, 0x000000008b800000, 0x000000008b800000|100%| E|CS|TAMS 0x000000008b700000, 0x000000008b700000| Complete 
| 184|0x000000008b800000, 0x000000008b900000, 0x000000008b900000|100%| E|CS|TAMS 0x000000008b800000, 0x000000008b800000| Complete 
| 185|0x000000008b900000, 0x000000008ba00000, 0x000000008ba00000|100%| E|CS|TAMS 0x000000008b900000, 0x000000008b900000| Complete 
| 186|0x000000008ba00000, 0x000000008bb00000, 0x000000008bb00000|100%| E|CS|TAMS 0x000000008ba00000, 0x000000008ba00000| Complete 
| 187|0x000000008bb00000, 0x000000008bc00000, 0x000000008bc00000|100%| E|CS|TAMS 0x000000008bb00000, 0x000000008bb00000| Complete 
| 188|0x000000008bc00000, 0x000000008bd00000, 0x000000008bd00000|100%| E|CS|TAMS 0x000000008bc00000, 0x000000008bc00000| Complete 
| 189|0x000000008bd00000, 0x000000008be00000, 0x000000008be00000|100%| E|CS|TAMS 0x000000008bd00000, 0x000000008bd00000| Complete 
| 190|0x000000008be00000, 0x000000008bf00000, 0x000000008bf00000|100%| E|CS|TAMS 0x000000008be00000, 0x000000008be00000| Complete 
| 191|0x000000008bf00000, 0x000000008c000000, 0x000000008c000000|100%| E|CS|TAMS 0x000000008bf00000, 0x000000008bf00000| Complete 
| 192|0x000000008c000000, 0x000000008c100000, 0x000000008c100000|100%| E|CS|TAMS 0x000000008c000000, 0x000000008c000000| Complete 
| 193|0x000000008c100000, 0x000000008c200000, 0x000000008c200000|100%| E|CS|TAMS 0x000000008c100000, 0x000000008c100000| Complete 
| 194|0x000000008c200000, 0x000000008c300000, 0x000000008c300000|100%| E|CS|TAMS 0x000000008c200000, 0x000000008c200000| Complete 
| 195|0x000000008c300000, 0x000000008c400000, 0x000000008c400000|100%| E|CS|TAMS 0x000000008c300000, 0x000000008c300000| Complete 
| 196|0x000000008c400000, 0x000000008c500000, 0x000000008c500000|100%| E|CS|TAMS 0x000000008c400000, 0x000000008c400000| Complete 
| 197|0x000000008c500000, 0x000000008c600000, 0x000000008c600000|100%| E|CS|TAMS 0x000000008c500000, 0x000000008c500000| Complete 
| 198|0x000000008c600000, 0x000000008c700000, 0x000000008c700000|100%| E|CS|TAMS 0x000000008c600000, 0x000000008c600000| Complete 
| 199|0x000000008c700000, 0x000000008c800000, 0x000000008c800000|100%| E|CS|TAMS 0x000000008c700000, 0x000000008c700000| Complete 
| 200|0x000000008c800000, 0x000000008c900000, 0x000000008c900000|100%| E|CS|TAMS 0x000000008c800000, 0x000000008c800000| Complete 
| 201|0x000000008c900000, 0x000000008ca00000, 0x000000008ca00000|100%| E|CS|TAMS 0x000000008c900000, 0x000000008c900000| Complete 
| 202|0x000000008ca00000, 0x000000008cb00000, 0x000000008cb00000|100%| E|CS|TAMS 0x000000008ca00000, 0x000000008ca00000| Complete 
| 203|0x000000008cb00000, 0x000000008cc00000, 0x000000008cc00000|100%| E|CS|TAMS 0x000000008cb00000, 0x000000008cb00000| Complete 
| 204|0x000000008cc00000, 0x000000008cd00000, 0x000000008cd00000|100%| E|CS|TAMS 0x000000008cc00000, 0x000000008cc00000| Complete 
| 205|0x000000008cd00000, 0x000000008ce00000, 0x000000008ce00000|100%| E|CS|TAMS 0x000000008cd00000, 0x000000008cd00000| Complete 
| 206|0x000000008ce00000, 0x000000008cf00000, 0x000000008cf00000|100%| E|CS|TAMS 0x000000008ce00000, 0x000000008ce00000| Complete 
| 207|0x000000008cf00000, 0x000000008d000000, 0x000000008d000000|100%| E|CS|TAMS 0x000000008cf00000, 0x000000008cf00000| Complete 
| 208|0x000000008d000000, 0x000000008d100000, 0x000000008d100000|100%| E|CS|TAMS 0x000000008d000000, 0x000000008d000000| Complete 
| 209|0x000000008d100000, 0x000000008d200000, 0x000000008d200000|100%| E|CS|TAMS 0x000000008d100000, 0x000000008d100000| Complete 
| 210|0x000000008d200000, 0x000000008d300000, 0x000000008d300000|100%| E|CS|TAMS 0x000000008d200000, 0x000000008d200000| Complete 
| 211|0x000000008d300000, 0x000000008d400000, 0x000000008d400000|100%| E|CS|TAMS 0x000000008d300000, 0x000000008d300000| Complete 
| 212|0x000000008d400000, 0x000000008d500000, 0x000000008d500000|100%| E|CS|TAMS 0x000000008d400000, 0x000000008d400000| Complete 
| 213|0x000000008d500000, 0x000000008d600000, 0x000000008d600000|100%| E|CS|TAMS 0x000000008d500000, 0x000000008d500000| Complete 
| 214|0x000000008d600000, 0x000000008d700000, 0x000000008d700000|100%| E|CS|TAMS 0x000000008d600000, 0x000000008d600000| Complete 
| 215|0x000000008d700000, 0x000000008d800000, 0x000000008d800000|100%| E|CS|TAMS 0x000000008d700000, 0x000000008d700000| Complete 
| 216|0x000000008d800000, 0x000000008d900000, 0x000000008d900000|100%| E|CS|TAMS 0x000000008d800000, 0x000000008d800000| Complete 
| 217|0x000000008d900000, 0x000000008da00000, 0x000000008da00000|100%| E|CS|TAMS 0x000000008d900000, 0x000000008d900000| Complete 
| 218|0x000000008da00000, 0x000000008db00000, 0x000000008db00000|100%| E|CS|TAMS 0x000000008da00000, 0x000000008da00000| Complete 
| 219|0x000000008db00000, 0x000000008dc00000, 0x000000008dc00000|100%| E|CS|TAMS 0x000000008db00000, 0x000000008db00000| Complete 
| 220|0x000000008dc00000, 0x000000008dd00000, 0x000000008dd00000|100%| E|CS|TAMS 0x000000008dc00000, 0x000000008dc00000| Complete 
| 221|0x000000008dd00000, 0x000000008de00000, 0x000000008de00000|100%| E|CS|TAMS 0x000000008dd00000, 0x000000008dd00000| Complete 
| 222|0x000000008de00000, 0x000000008df00000, 0x000000008df00000|100%| E|CS|TAMS 0x000000008de00000, 0x000000008de00000| Complete 
| 223|0x000000008df00000, 0x000000008dfb33b0, 0x000000008e000000| 70%| S|CS|TAMS 0x000000008df00000, 0x000000008df00000| Complete 
| 224|0x000000008e000000, 0x000000008e100000, 0x000000008e100000|100%| S|CS|TAMS 0x000000008e000000, 0x000000008e000000| Complete 
| 225|0x000000008e100000, 0x000000008e200000, 0x000000008e200000|100%| E|CS|TAMS 0x000000008e100000, 0x000000008e100000| Complete 
| 226|0x000000008e200000, 0x000000008e300000, 0x000000008e300000|100%| E|CS|TAMS 0x000000008e200000, 0x000000008e200000| Complete 
| 227|0x000000008e300000, 0x000000008e400000, 0x000000008e400000|100%| E|CS|TAMS 0x000000008e300000, 0x000000008e300000| Complete 
| 228|0x000000008e400000, 0x000000008e500000, 0x000000008e500000|100%| E|CS|TAMS 0x000000008e400000, 0x000000008e400000| Complete 
| 229|0x000000008e500000, 0x000000008e600000, 0x000000008e600000|100%| E|CS|TAMS 0x000000008e500000, 0x000000008e500000| Complete 
| 230|0x000000008e600000, 0x000000008e700000, 0x000000008e700000|100%| E|CS|TAMS 0x000000008e600000, 0x000000008e600000| Complete 
| 231|0x000000008e700000, 0x000000008e800000, 0x000000008e800000|100%| E|CS|TAMS 0x000000008e700000, 0x000000008e700000| Complete 
| 232|0x000000008e800000, 0x000000008e900000, 0x000000008e900000|100%| E|CS|TAMS 0x000000008e800000, 0x000000008e800000| Complete 
| 233|0x000000008e900000, 0x000000008ea00000, 0x000000008ea00000|100%| E|CS|TAMS 0x000000008e900000, 0x000000008e900000| Complete 
| 234|0x000000008ea00000, 0x000000008eb00000, 0x000000008eb00000|100%| E|CS|TAMS 0x000000008ea00000, 0x000000008ea00000| Complete 
| 235|0x000000008eb00000, 0x000000008ec00000, 0x000000008ec00000|100%| E|CS|TAMS 0x000000008eb00000, 0x000000008eb00000| Complete 
| 236|0x000000008ec00000, 0x000000008ed00000, 0x000000008ed00000|100%| E|CS|TAMS 0x000000008ec00000, 0x000000008ec00000| Complete 
| 237|0x000000008ed00000, 0x000000008ee00000, 0x000000008ee00000|100%| E|CS|TAMS 0x000000008ed00000, 0x000000008ed00000| Complete 
| 238|0x000000008ee00000, 0x000000008ef00000, 0x000000008ef00000|100%| E|CS|TAMS 0x000000008ee00000, 0x000000008ee00000| Complete 
| 239|0x000000008ef00000, 0x000000008f000000, 0x000000008f000000|100%| E|CS|TAMS 0x000000008ef00000, 0x000000008ef00000| Complete 
| 240|0x000000008f000000, 0x000000008f100000, 0x000000008f100000|100%| E|CS|TAMS 0x000000008f000000, 0x000000008f000000| Complete 
| 241|0x000000008f100000, 0x000000008f200000, 0x000000008f200000|100%| E|CS|TAMS 0x000000008f100000, 0x000000008f100000| Complete 
| 242|0x000000008f200000, 0x000000008f300000, 0x000000008f300000|100%| E|CS|TAMS 0x000000008f200000, 0x000000008f200000| Complete 
| 243|0x000000008f300000, 0x000000008f400000, 0x000000008f400000|100%| E|CS|TAMS 0x000000008f300000, 0x000000008f300000| Complete 
| 244|0x000000008f400000, 0x000000008f500000, 0x000000008f500000|100%| E|CS|TAMS 0x000000008f400000, 0x000000008f400000| Complete 
| 245|0x000000008f500000, 0x000000008f600000, 0x000000008f600000|100%| E|CS|TAMS 0x000000008f500000, 0x000000008f500000| Complete 
| 246|0x000000008f600000, 0x000000008f700000, 0x000000008f700000|100%| E|CS|TAMS 0x000000008f600000, 0x000000008f600000| Complete 
| 247|0x000000008f700000, 0x000000008f800000, 0x000000008f800000|100%| E|CS|TAMS 0x000000008f700000, 0x000000008f700000| Complete 
| 248|0x000000008f800000, 0x000000008f900000, 0x000000008f900000|100%| E|CS|TAMS 0x000000008f800000, 0x000000008f800000| Complete 
| 249|0x000000008f900000, 0x000000008fa00000, 0x000000008fa00000|100%| E|CS|TAMS 0x000000008f900000, 0x000000008f900000| Complete 
| 250|0x000000008fa00000, 0x000000008fb00000, 0x000000008fb00000|100%| E|CS|TAMS 0x000000008fa00000, 0x000000008fa00000| Complete 
| 251|0x000000008fb00000, 0x000000008fc00000, 0x000000008fc00000|100%| E|CS|TAMS 0x000000008fb00000, 0x000000008fb00000| Complete 
| 252|0x000000008fc00000, 0x000000008fd00000, 0x000000008fd00000|100%| E|CS|TAMS 0x000000008fc00000, 0x000000008fc00000| Complete 
| 253|0x000000008fd00000, 0x000000008fe00000, 0x000000008fe00000|100%| E|CS|TAMS 0x000000008fd00000, 0x000000008fd00000| Complete 
| 254|0x000000008fe00000, 0x000000008ff00000, 0x000000008ff00000|100%| E|CS|TAMS 0x000000008fe00000, 0x000000008fe00000| Complete 
| 255|0x000000008ff00000, 0x0000000090000000, 0x0000000090000000|100%| E|CS|TAMS 0x000000008ff00000, 0x000000008ff00000| Complete 

Card table byte_map: [0x0000022e1bd30000,0x0000022e1c130000] _byte_map_base: 0x0000022e1b930000

Marking Bits (Prev, Next): (CMBitMap*) 0x0000022e081c4560, (CMBitMap*) 0x0000022e081c4528
 Prev Bits: [0x0000022e1e530000, 0x0000022e20530000)
 Next Bits: [0x0000022e1c530000, 0x0000022e1e530000)

Polling page: 0x0000022e06950000

Metaspace:

Usage:
  Non-class:     28.91 MB capacity,    28.40 MB ( 98%) used,   457.25 KB (  2%) free+waste,    69.94 KB ( <1%) overhead. 
      Class:      4.57 MB capacity,     4.27 MB ( 93%) used,   273.05 KB (  6%) free+waste,    34.44 KB ( <1%) overhead. 
       Both:     33.48 MB capacity,    32.67 MB ( 98%) used,   730.30 KB (  2%) free+waste,   104.38 KB ( <1%) overhead. 

Virtual space:
  Non-class space:       30.00 MB reserved,      28.92 MB ( 96%) committed 
      Class space:        1.00 GB reserved,       4.63 MB ( <1%) committed 
             Both:        1.03 GB reserved,      33.55 MB (  3%) committed 

Chunk freelists:
   Non-Class:  9.00 KB
       Class:  27.00 KB
        Both:  36.00 KB

MaxMetaspaceSize: 17179869184.00 GB
CompressedClassSpaceSize: 1.00 GB
Initial GC threshold: 20.80 MB
Current GC threshold: 34.87 MB
CDS: off

CodeHeap 'non-profiled nmethods': size=120000Kb used=1463Kb max_used=1463Kb free=118536Kb
 bounds [0x0000022e13760000, 0x0000022e139d0000, 0x0000022e1ac90000]
CodeHeap 'profiled nmethods': size=120000Kb used=5751Kb max_used=5751Kb free=114248Kb
 bounds [0x0000022e0c230000, 0x0000022e0c7d0000, 0x0000022e13760000]
CodeHeap 'non-nmethods': size=5760Kb used=1241Kb max_used=1277Kb free=4519Kb
 bounds [0x0000022e0bc90000, 0x0000022e0bf00000, 0x0000022e0c230000]
 total_blobs=3241 nmethods=2726 adapters=427
 compilation: enabled
              stopped_count=0, restarted_count=0
 full_count=0

Compilation events (20 events):
Event: 3.931 Thread 0x0000022e23b2a800 nmethod 2712 0x0000022e0c7c5310 code [0x0000022e0c7c54c0, 0x0000022e0c7c5648]
Event: 3.931 Thread 0x0000022e23b2a800 2713       3       java.util.WeakHashMap::get (77 bytes)
Event: 3.932 Thread 0x0000022e23b2a800 nmethod 2713 0x0000022e0c7c5710 code [0x0000022e0c7c5940, 0x0000022e0c7c6148]
Event: 3.932 Thread 0x0000022e23b2a800 2716  s    3       org.codehaus.groovy.reflection.ParameterTypes::getParametersTypes0 (89 bytes)
Event: 3.933 Thread 0x0000022e23b2a800 nmethod 2716 0x0000022e0c7c6490 code [0x0000022e0c7c6700, 0x0000022e0c7c7668]
Event: 3.933 Thread 0x0000022e23b2a800 2720       3       java.util.Properties::loadConvert (524 bytes)
Event: 3.934 Thread 0x0000022e23b2a800 nmethod 2720 0x0000022e0c7c7a10 code [0x0000022e0c7c7d40, 0x0000022e0c7c9378]
Event: 3.934 Thread 0x0000022e23b2a800 2714       3       org.codehaus.groovy.reflection.CachedMethod::getPT (8 bytes)
Event: 3.935 Thread 0x0000022e23b2a800 nmethod 2714 0x0000022e0c7c9b10 code [0x0000022e0c7c9ce0, 0x0000022e0c7c9fe8]
Event: 3.935 Thread 0x0000022e23b2a800 2717       1       org.codehaus.groovy.runtime.metaclass.NewMetaMethod::getBytecodeParameterTypes (5 bytes)
Event: 3.935 Thread 0x0000022e23b2a800 nmethod 2717 0x0000022e138cc910 code [0x0000022e138ccac0, 0x0000022e138ccb78]
Event: 3.935 Thread 0x0000022e23b2a800 2715       3       org.codehaus.groovy.reflection.CachedMethod::getModifiers (8 bytes)
Event: 3.935 Thread 0x0000022e23b2a800 nmethod 2715 0x0000022e0c7ca110 code [0x0000022e0c7ca2c0, 0x0000022e0c7ca3d8]
Event: 3.935 Thread 0x0000022e23b2a800 2718       1       org.codehaus.groovy.runtime.metaclass.NewInstanceMetaMethod::isStatic (2 bytes)
Event: 3.935 Thread 0x0000022e23b2a800 nmethod 2718 0x0000022e138ccc10 code [0x0000022e138ccdc0, 0x0000022e138cce78]
Event: 3.935 Thread 0x0000022e23b2a800 2719       1       org.codehaus.groovy.runtime.metaclass.MetaClassRegistryImpl::access$300 (5 bytes)
Event: 3.935 Thread 0x0000022e275fe000 nmethod 2711 0x0000022e138ccf10 code [0x0000022e138cd0a0, 0x0000022e138cd258]
Event: 3.935 Thread 0x0000022e275fe000 2721       4       java.lang.String::codePointAt (50 bytes)
Event: 3.935 Thread 0x0000022e23b2a800 nmethod 2719 0x0000022e138cd310 code [0x0000022e138cd4c0, 0x0000022e138cd558]
Event: 3.936 Thread 0x0000022e275fe000 nmethod 2721 0x0000022e138cd610 code [0x0000022e138cd7a0, 0x0000022e138cd858]

GC Heap History (6 events):
Event: 0.876 GC heap before
{Heap before GC invocations=0 (full 0):
 garbage-first heap   total 262144K, used 29696K [0x0000000080000000, 0x0000000100000000)
  region size 1024K, 24 young (24576K), 0 survivors (0K)
 Metaspace       used 10171K, capacity 10403K, committed 10624K, reserved 1058816K
  class space    used 1063K, capacity 1106K, committed 1152K, reserved 1048576K
}
Event: 0.881 GC heap after
{Heap after GC invocations=1 (full 0):
 garbage-first heap   total 262144K, used 9354K [0x0000000080000000, 0x0000000100000000)
  region size 1024K, 3 young (3072K), 3 survivors (3072K)
 Metaspace       used 10171K, capacity 10403K, committed 10624K, reserved 1058816K
  class space    used 1063K, capacity 1106K, committed 1152K, reserved 1048576K
}
Event: 2.621 GC heap before
{Heap before GC invocations=1 (full 0):
 garbage-first heap   total 262144K, used 112778K [0x0000000080000000, 0x0000000100000000)
  region size 1024K, 105 young (107520K), 3 survivors (3072K)
 Metaspace       used 20622K, capacity 21117K, committed 21296K, reserved 1069056K
  class space    used 2539K, capacity 2680K, committed 2688K, reserved 1048576K
}
Event: 2.629 GC heap after
{Heap after GC invocations=2 (full 0):
 garbage-first heap   total 262144K, used 16932K [0x0000000080000000, 0x0000000100000000)
  region size 1024K, 11 young (11264K), 11 survivors (11264K)
 Metaspace       used 20622K, capacity 21117K, committed 21296K, reserved 1069056K
  class space    used 2539K, capacity 2680K, committed 2688K, reserved 1048576K
}
Event: 2.907 GC heap before
{Heap before GC invocations=3 (full 0):
 garbage-first heap   total 262144K, used 47652K [0x0000000080000000, 0x0000000100000000)
  region size 1024K, 42 young (43008K), 11 survivors (11264K)
 Metaspace       used 23913K, capacity 24508K, committed 24752K, reserved 1071104K
  class space    used 3030K, capacity 3239K, committed 3328K, reserved 1048576K
}
Event: 2.913 GC heap after
{Heap after GC invocations=4 (full 0):
 garbage-first heap   total 262144K, used 18486K [0x0000000080000000, 0x0000000100000000)
  region size 1024K, 2 young (2048K), 2 survivors (2048K)
 Metaspace       used 23913K, capacity 24508K, committed 24752K, reserved 1071104K
  class space    used 3030K, capacity 3239K, committed 3328K, reserved 1048576K
}

Deoptimization events (20 events):
Event: 3.483 Thread 0x0000022e26279000 Uncommon trap: trap_request=0xffffff4d fr.pc=0x0000022e1384ab4c relative=0x000000000000020c
Event: 3.483 Thread 0x0000022e26279000 Uncommon trap: reason=unstable_if action=reinterpret pc=0x0000022e1384ab4c method=java.util.HashMap.hash(Ljava/lang/Object;)I @ 1 c2
Event: 3.483 Thread 0x0000022e26279000 DEOPT PACKING pc=0x0000022e1384ab4c sp=0x0000008a1a1f8e30
Event: 3.483 Thread 0x0000022e26279000 DEOPT UNPACKING pc=0x0000022e0bcda1af sp=0x0000008a1a1f8d68 mode 2
Event: 3.664 Thread 0x0000022e26279000 DEOPT PACKING pc=0x0000022e0c62e2f9 sp=0x0000008a1a1f8ee0
Event: 3.664 Thread 0x0000022e26279000 DEOPT UNPACKING pc=0x0000022e0bcda95e sp=0x0000008a1a1f8428 mode 0
Event: 3.679 Thread 0x0000022e26279000 Uncommon trap: trap_request=0xffffff4d fr.pc=0x0000022e138a9f64 relative=0x00000000000001a4
Event: 3.679 Thread 0x0000022e26279000 Uncommon trap: reason=unstable_if action=reinterpret pc=0x0000022e138a9f64 method=java.util.regex.Pattern$BmpCharProperty.match(Ljava/util/regex/Matcher;ILjava/lang/CharSequence;)Z @ 39 c2
Event: 3.679 Thread 0x0000022e26279000 DEOPT PACKING pc=0x0000022e138a9f64 sp=0x0000008a1a1f97f0
Event: 3.679 Thread 0x0000022e26279000 DEOPT UNPACKING pc=0x0000022e0bcda1af sp=0x0000008a1a1f97a0 mode 2
Event: 3.679 Thread 0x0000022e26279000 DEOPT PACKING pc=0x0000022e0c632e55 sp=0x0000008a1a1f8c60
Event: 3.679 Thread 0x0000022e26279000 DEOPT UNPACKING pc=0x0000022e0bcda95e sp=0x0000008a1a1f8180 mode 0
Event: 3.712 Thread 0x0000022e26279000 Uncommon trap: trap_request=0xffffff4d fr.pc=0x0000022e13870050 relative=0x00000000000001f0
Event: 3.712 Thread 0x0000022e26279000 Uncommon trap: reason=unstable_if action=reinterpret pc=0x0000022e13870050 method=java.util.HashMap.putVal(ILjava/lang/Object;Ljava/lang/Object;ZZ)Ljava/lang/Object; @ 162 c2
Event: 3.712 Thread 0x0000022e26279000 DEOPT PACKING pc=0x0000022e13870050 sp=0x0000008a1a1fa8a0
Event: 3.712 Thread 0x0000022e26279000 DEOPT UNPACKING pc=0x0000022e0bcda1af sp=0x0000008a1a1fa820 mode 2
Event: 3.935 Thread 0x0000022e26279000 Uncommon trap: trap_request=0xffffff4d fr.pc=0x0000022e1386ace4 relative=0x00000000000052e4
Event: 3.935 Thread 0x0000022e26279000 Uncommon trap: reason=unstable_if action=reinterpret pc=0x0000022e1386ace4 method=jdk.internal.loader.BuiltinClassLoader.loadClassOrNull(Ljava/lang/String;Z)Ljava/lang/Class; @ 42 c2
Event: 3.935 Thread 0x0000022e26279000 DEOPT PACKING pc=0x0000022e1386ace4 sp=0x0000008a1a1f54c0
Event: 3.935 Thread 0x0000022e26279000 DEOPT UNPACKING pc=0x0000022e0bcda1af sp=0x0000008a1a1f5340 mode 2

Classes redefined (0 events):
No events

Internal exceptions (20 events):
Event: 3.241 Thread 0x0000022e26279000 Exception <a 'java/lang/NoSuchMethodError'{0x000000008ea657d8}: 'void java.lang.invoke.DirectMethodHandle$Holder.invokeStatic(java.lang.Object, java.lang.Object, java.lang.Object, java.lang.Object)'> (0x000000008ea657d8) thrown at [./src/hotspot/share/interpreter/linkResolver.cpp, line 773]
Event: 3.286 Thread 0x0000022e26279000 Exception <a 'java/lang/NoSuchMethodError'{0x000000008e903d18}: 'java.lang.Object java.lang.invoke.DirectMethodHandle$Holder.invokeVirtual(java.lang.Object, java.lang.Object, java.lang.Object)'> (0x000000008e903d18) thrown at [./src/hotspot/share/interpreter/linkResolver.cpp, line 773]
Event: 3.288 Thread 0x0000022e26279000 Exception <a 'java/lang/NoSuchMethodError'{0x000000008e92c998}: 'int java.lang.invoke.DirectMethodHandle$Holder.invokeVirtual(java.lang.Object, java.lang.Object)'> (0x000000008e92c998) thrown at [./src/hotspot/share/interpreter/linkResolver.cpp, line 773]
Event: 3.293 Thread 0x0000022e26279000 Exception <a 'java/lang/NoSuchMethodError'{0x000000008e966df8}: 'int java.lang.invoke.DirectMethodHandle$Holder.invokeVirtual(java.lang.Object, java.lang.Object, java.lang.Object)'> (0x000000008e966df8) thrown at [./src/hotspot/share/interpreter/linkResolver.cpp, line 773]
Event: 3.310 Thread 0x0000022e26279000 Exception <a 'java/lang/NoSuchMethodError'{0x000000008e8cc698}: 'void java.lang.invoke.DirectMethodHandle$Holder.invokeSpecial(java.lang.Object, java.lang.Object)'> (0x000000008e8cc698) thrown at [./src/hotspot/share/interpreter/linkResolver.cpp, line 773]
Event: 3.391 Thread 0x0000022e26279000 Exception <a 'java/lang/NoSuchMethodError'{0x000000008dc27de8}: 'java.lang.Object java.lang.invoke.DirectMethodHandle$Holder.invokeSpecialIFC(java.lang.Object, java.lang.Object, java.lang.Object, java.lang.Object)'> (0x000000008dc27de8) thrown at [./src/hotspot/share/interpreter/linkResolver.cpp, line 773]
Event: 3.398 Thread 0x0000022e26279000 Exception <a 'java/lang/NoSuchMethodError'{0x000000008db02478}: 'java.lang.Object java.lang.invoke.DirectMethodHandle$Holder.invokeSpecial(java.lang.Object, java.lang.Object, java.lang.Object, java.lang.Object, java.lang.Object, java.lang.Object, java.lang.Object, java.lang.Object, java.lang.Object, java.lang.Object, java.lang.Object, java.lang.Object, java.lang.Object)'> (0x000000008db02478) thrown at [./src/hotspot/share/interpreter/linkResolver.cpp, line 773]
Event: 3.398 Thread 0x0000022e26279000 Exception <a 'java/lang/NoSuchMethodError'{0x000000008db132d8}: 'java.lang.Object java.lang.invoke.DirectMethodHandle$Holder.invokeSpecial(java.lang.Object, java.lang.Object, java.lang.Object, java.lang.Object, java.lang.Object, java.lang.Object, java.lang.Object, java.lang.Object, java.lang.Object, java.lang.Object, java.lang.Object, java.lang.Object)'> (0x000000008db132d8) thrown at [./src/hotspot/share/interpreter/linkResolver.cpp, line 773]
Event: 3.399 Thread 0x0000022e26279000 Exception <a 'java/lang/NoSuchMethodError'{0x000000008db18400}: 'java.lang.Object java.lang.invoke.Invokers$Holder.linkToTargetMethod(java.lang.Object, java.lang.Object, java.lang.Object, java.lang.Object, java.lang.Object, java.lang.Object, java.lang.Object, java.lang.Object, java.lang.Object, java.lang.Object, java.lang.Object)'> (0x000000008db18400) thrown at [./src/hotspot/share/interpreter/linkResolver.cpp, line 773]
Event: 3.409 Thread 0x0000022e26279000 Exception <a 'java/lang/NoSuchMethodError'{0x000000008da57f98}: 'java.lang.Object java.lang.invoke.DirectMethodHandle$Holder.invokeSpecial(java.lang.Object, java.lang.Object, java.lang.Object, java.lang.Object, java.lang.Object, java.lang.Object, java.lang.Object, java.lang.Object, java.lang.Object, java.lang.Object, java.lang.Object, java.lang.Object, java.lang.Object, java.lang.Object)'> (0x000000008da57f98) thrown at [./src/hotspot/share/interpreter/linkResolver.cpp, line 773]
Event: 3.409 Thread 0x0000022e26279000 Exception <a 'java/lang/NoSuchMethodError'{0x000000008da69610}: 'java.lang.Object java.lang.invoke.Invokers$Holder.linkToTargetMethod(java.lang.Object, java.lang.Object, java.lang.Object, java.lang.Object, java.lang.Object, java.lang.Object, java.lang.Object, java.lang.Object, java.lang.Object, java.lang.Object, java.lang.Object, java.lang.Object)'> (0x000000008da69610) thrown at [./src/hotspot/share/interpreter/linkResolver.cpp, line 773]
Event: 3.417 Thread 0x0000022e26279000 Exception <a 'java/lang/NoSuchMethodError'{0x000000008d952b18}: 'java.lang.Object java.lang.invoke.DirectMethodHandle$Holder.invokeStaticInit(java.lang.Object, java.lang.Object, java.lang.Object, java.lang.Object)'> (0x000000008d952b18) thrown at [./src/hotspot/share/interpreter/linkResolver.cpp, line 773]
Event: 3.483 Thread 0x0000022e26279000 Implicit null exception at 0x0000022e1384a975 to 0x0000022e1384ab3c
Event: 3.591 Thread 0x0000022e26279000 Exception <a 'java/lang/NoSuchMethodError'{0x000000008c8e2ba8}: 'java.lang.Object java.lang.invoke.Invokers$Holder.linkToTargetMethod(java.lang.Object, java.lang.Object, java.lang.Object, java.lang.Object, java.lang.Object, java.lang.Object, java.lang.Object, java.lang.Object)'> (0x000000008c8e2ba8) thrown at [./src/hotspot/share/interpreter/linkResolver.cpp, line 773]
Event: 3.594 Thread 0x0000022e26279000 Exception <a 'java/lang/NoSuchMethodError'{0x000000008c72f728}: 'java.lang.Object java.lang.invoke.Invokers$Holder.linkToTargetMethod(java.lang.Object, java.lang.Object, java.lang.Object, java.lang.Object, java.lang.Object, java.lang.Object, java.lang.Object)'> (0x000000008c72f728) thrown at [./src/hotspot/share/interpreter/linkResolver.cpp, line 773]
Event: 3.596 Thread 0x0000022e26279000 Exception <a 'java/lang/IncompatibleClassChangeError'{0x000000008c76e000}: Found class java.lang.Object, but interface was expected> (0x000000008c76e000) thrown at [./src/hotspot/share/interpreter/linkResolver.cpp, line 839]
Event: 3.816 Thread 0x0000022e26279000 Exception <a 'java/lang/NoSuchMethodError'{0x000000008b34f5b8}: 'void java.lang.invoke.DirectMethodHandle$Holder.invokeStaticInit(java.lang.Object, java.lang.Object, java.lang.Object)'> (0x000000008b34f5b8) thrown at [./src/hotspot/share/interpreter/linkResolver.cpp, line 773]
Event: 3.816 Thread 0x0000022e26279000 Exception <a 'java/lang/NoSuchMethodError'{0x000000008b356768}: 'void java.lang.invoke.DirectMethodHandle$Holder.invokeStaticInit(java.lang.Object, java.lang.Object, java.lang.Object, java.lang.Object)'> (0x000000008b356768) thrown at [./src/hotspot/share/interpreter/linkResolver.cpp, line 773]
Event: 3.819 Thread 0x0000022e26279000 Exception <a 'java/lang/NoSuchMethodError'{0x000000008b378dc0}: 'void java.lang.invoke.DirectMethodHandle$Holder.invokeStaticInit(java.lang.Object, java.lang.Object, java.lang.Object, java.lang.Object, java.lang.Object)'> (0x000000008b378dc0) thrown at [./src/hotspot/share/interpreter/linkResolver.cpp, line 773]
Event: 3.855 Thread 0x0000022e26279000 Exception <a 'java/lang/NoSuchMethodError'{0x000000008b3d7758}: 'int java.lang.invoke.DirectMethodHandle$Holder.invokeStaticInit(java.lang.Object, java.lang.Object, java.lang.Object, java.lang.Object)'> (0x000000008b3d7758) thrown at [./src/hotspot/share/interpreter/linkResolver.cpp, line 773]

Events (20 events):
Event: 3.929 loading class java/time/format/TextStyle
Event: 3.929 loading class java/time/format/TextStyle done
Event: 3.930 loading class java/time/format/ResolverStyle
Event: 3.930 loading class java/time/format/ResolverStyle done
Event: 3.931 loading class org/codehaus/groovy/runtime/metaclass/MethodHelper
Event: 3.931 loading class org/codehaus/groovy/runtime/metaclass/MethodHelper done
Event: 3.932 loading class org/codehaus/groovy/reflection/CachedClass
Event: 3.932 loading class org/codehaus/groovy/reflection/CachedClass done
Event: 3.932 loading class org/codehaus/groovy/reflection/CachedClass
Event: 3.932 loading class org/codehaus/groovy/reflection/CachedClass done
Event: 3.933 Executing VM operation: RevokeBias
Event: 3.934 Executing VM operation: RevokeBias done
Event: 3.934 loading class org/apache/groovy/dateutil/extensions/DateUtilExtensions
Event: 3.934 loading class org/apache/groovy/dateutil/extensions/DateUtilExtensions done
Event: 3.934 loading class org/apache/groovy/dateutil/extensions/DateUtilStaticExtensions
Event: 3.934 loading class org/apache/groovy/dateutil/extensions/DateUtilStaticExtensions done
Event: 3.935 Executing VM operation: RevokeBias
Event: 3.935 Executing VM operation: RevokeBias done
Event: 3.935 Executing VM operation: RevokeBias
Event: 3.935 Executing VM operation: RevokeBias done


Dynamic libraries:
0x00007ff71a090000 - 0x00007ff71a09a000 	C:\Users\lautung\AppData\Local\JetBrains\Toolbox\apps\AndroidStudio\ch-0\212.5712.43.2112.8609683\jre\bin\java.exe
0x00007ff974390000 - 0x00007ff974588000 	C:\Windows\SYSTEM32\ntdll.dll
0x00007ff9741a0000 - 0x00007ff97425d000 	C:\Windows\System32\KERNEL32.DLL
0x00007ff971b00000 - 0x00007ff971dce000 	C:\Windows\System32\KERNELBASE.dll
0x00007ff972160000 - 0x00007ff972260000 	C:\Windows\System32\ucrtbase.dll
0x00007ff956530000 - 0x00007ff956547000 	C:\Users\lautung\AppData\Local\JetBrains\Toolbox\apps\AndroidStudio\ch-0\212.5712.43.2112.8609683\jre\bin\VCRUNTIME140.dll
0x00007ff955700000 - 0x00007ff955719000 	C:\Users\lautung\AppData\Local\JetBrains\Toolbox\apps\AndroidStudio\ch-0\212.5712.43.2112.8609683\jre\bin\jli.dll
0x00007ff972f50000 - 0x00007ff9730f0000 	C:\Windows\System32\USER32.dll
0x00007ff972300000 - 0x00007ff972322000 	C:\Windows\System32\win32u.dll
0x00007ff95ffa0000 - 0x00007ff96023a000 	C:\Windows\WinSxS\amd64_microsoft.windows.common-controls_6595b64144ccf1df_6.0.19041.1110_none_60b5254171f9507e\COMCTL32.dll
0x00007ff974150000 - 0x00007ff97417a000 	C:\Windows\System32\GDI32.dll
0x00007ff9737c0000 - 0x00007ff97385e000 	C:\Windows\System32\msvcrt.dll
0x00007ff971dd0000 - 0x00007ff971edb000 	C:\Windows\System32\gdi32full.dll
0x00007ff972260000 - 0x00007ff9722fd000 	C:\Windows\System32\msvcp_win.dll
0x00007ff9736b0000 - 0x00007ff9736e0000 	C:\Windows\System32\IMM32.DLL
0x00007ff928aa0000 - 0x00007ff928b3d000 	C:\Users\lautung\AppData\Local\JetBrains\Toolbox\apps\AndroidStudio\ch-0\212.5712.43.2112.8609683\jre\bin\msvcp140.dll
0x00007ff8ef740000 - 0x00007ff8f0225000 	C:\Users\lautung\AppData\Local\JetBrains\Toolbox\apps\AndroidStudio\ch-0\212.5712.43.2112.8609683\jre\bin\server\jvm.dll
0x00007ff973a80000 - 0x00007ff973b2e000 	C:\Windows\System32\ADVAPI32.dll
0x00007ff9723f0000 - 0x00007ff97248c000 	C:\Windows\System32\sechost.dll
0x00007ff973860000 - 0x00007ff973985000 	C:\Windows\System32\RPCRT4.dll
0x00007ff974260000 - 0x00007ff974268000 	C:\Windows\System32\PSAPI.DLL
0x00007ff966ae0000 - 0x00007ff966b07000 	C:\Windows\SYSTEM32\WINMM.dll
0x00007ff96c210000 - 0x00007ff96c21a000 	C:\Windows\SYSTEM32\VERSION.dll
0x00007ff960c10000 - 0x00007ff960c19000 	C:\Windows\SYSTEM32\WSOCK32.dll
0x00007ff973fb0000 - 0x00007ff97401b000 	C:\Windows\System32\ws2_32.DLL
0x00007ff96f9d0000 - 0x00007ff96f9e2000 	C:\Windows\SYSTEM32\kernel.appcore.dll
0x00007ff969770000 - 0x00007ff969781000 	C:\Users\lautung\AppData\Local\JetBrains\Toolbox\apps\AndroidStudio\ch-0\212.5712.43.2112.8609683\jre\bin\verify.dll
0x00007ff9625f0000 - 0x00007ff9627d4000 	C:\Windows\SYSTEM32\DBGHELP.DLL
0x00007ff95fb90000 - 0x00007ff95fbbc000 	C:\Windows\SYSTEM32\dbgcore.DLL
0x00007ff972330000 - 0x00007ff9723b2000 	C:\Windows\System32\bcryptPrimitives.dll
0x00007ff954530000 - 0x00007ff954559000 	C:\Users\lautung\AppData\Local\JetBrains\Toolbox\apps\AndroidStudio\ch-0\212.5712.43.2112.8609683\jre\bin\java.dll
0x00007ff96d610000 - 0x00007ff96d61b000 	C:\Users\lautung\AppData\Local\JetBrains\Toolbox\apps\AndroidStudio\ch-0\212.5712.43.2112.8609683\jre\bin\jimage.dll
0x00007ff958810000 - 0x00007ff958828000 	C:\Users\lautung\AppData\Local\JetBrains\Toolbox\apps\AndroidStudio\ch-0\212.5712.43.2112.8609683\jre\bin\zip.dll
0x00007ff972540000 - 0x00007ff972c84000 	C:\Windows\System32\SHELL32.dll
0x00007ff96fbd0000 - 0x00007ff970364000 	C:\Windows\SYSTEM32\windows.storage.dll
0x00007ff973c50000 - 0x00007ff973fa4000 	C:\Windows\System32\combase.dll
0x00007ff971440000 - 0x00007ff971470000 	C:\Windows\SYSTEM32\Wldp.dll
0x00007ff972490000 - 0x00007ff97253d000 	C:\Windows\System32\SHCORE.dll
0x00007ff973740000 - 0x00007ff973795000 	C:\Windows\System32\shlwapi.dll
0x00007ff9719f0000 - 0x00007ff971a0f000 	C:\Windows\SYSTEM32\profapi.dll
0x00007ff9557b0000 - 0x00007ff9557ca000 	C:\Users\lautung\AppData\Local\JetBrains\Toolbox\apps\AndroidStudio\ch-0\212.5712.43.2112.8609683\jre\bin\net.dll
0x00007ff96c410000 - 0x00007ff96c51a000 	C:\Windows\SYSTEM32\WINHTTP.dll
0x00007ff9711a0000 - 0x00007ff97120a000 	C:\Windows\system32\mswsock.dll
0x00007ff954510000 - 0x00007ff954524000 	C:\Users\lautung\AppData\Local\JetBrains\Toolbox\apps\AndroidStudio\ch-0\212.5712.43.2112.8609683\jre\bin\nio.dll
0x00007ff9558e0000 - 0x00007ff955907000 	C:\Users\lautung\.gradle\native\e1d6ef7f7dcc3fd88c89a11ec53ec762bb8ba0a96d01ffa2cd45eb1d1d8dd5c5\windows-amd64\native-platform.dll
0x00007ff8f5300000 - 0x00007ff8f5444000 	C:\Users\lautung\.gradle\native\5664cfc778a61ccfe75a443a1ab52a65af34e5dc3c78e0209fed803814484fcb\windows-amd64\native-platform-file-events.dll
0x00007ff96d590000 - 0x00007ff96d59a000 	C:\Users\lautung\AppData\Local\JetBrains\Toolbox\apps\AndroidStudio\ch-0\212.5712.43.2112.8609683\jre\bin\management.dll
0x00007ff969740000 - 0x00007ff96974d000 	C:\Users\lautung\AppData\Local\JetBrains\Toolbox\apps\AndroidStudio\ch-0\212.5712.43.2112.8609683\jre\bin\management_ext.dll
0x00007ff9713a0000 - 0x00007ff9713b8000 	C:\Windows\SYSTEM32\CRYPTSP.dll
0x00007ff970b20000 - 0x00007ff970b54000 	C:\Windows\system32\rsaenh.dll
0x00007ff9723c0000 - 0x00007ff9723e7000 	C:\Windows\System32\bcrypt.dll
0x00007ff971970000 - 0x00007ff97199e000 	C:\Windows\SYSTEM32\USERENV.dll
0x00007ff971390000 - 0x00007ff97139c000 	C:\Windows\SYSTEM32\CRYPTBASE.dll
0x00007ff970e90000 - 0x00007ff970ecb000 	C:\Windows\SYSTEM32\IPHLPAPI.DLL
0x00007ff9737a0000 - 0x00007ff9737a8000 	C:\Windows\System32\NSI.dll
0x00007ff96c7e0000 - 0x00007ff96c7f7000 	C:\Windows\SYSTEM32\dhcpcsvc6.DLL
0x00007ff96c7c0000 - 0x00007ff96c7dd000 	C:\Windows\SYSTEM32\dhcpcsvc.DLL
0x00007ff970ed0000 - 0x00007ff970f9a000 	C:\Windows\SYSTEM32\DNSAPI.dll

dbghelp: loaded successfully - version: 4.0.5 - missing functions: none
symbol engine: initialized successfully - sym options: 0x614 - pdb path: .;C:\Users\lautung\AppData\Local\JetBrains\Toolbox\apps\AndroidStudio\ch-0\212.5712.43.2112.8609683\jre\bin;C:\Windows\SYSTEM32;C:\Windows\WinSxS\amd64_microsoft.windows.common-controls_6595b64144ccf1df_6.0.19041.1110_none_60b5254171f9507e;C:\Users\lautung\AppData\Local\JetBrains\Toolbox\apps\AndroidStudio\ch-0\212.5712.43.2112.8609683\jre\bin\server;C:\Users\lautung\.gradle\native\e1d6ef7f7dcc3fd88c89a11ec53ec762bb8ba0a96d01ffa2cd45eb1d1d8dd5c5\windows-amd64;C:\Users\lautung\.gradle\native\5664cfc778a61ccfe75a443a1ab52a65af34e5dc3c78e0209fed803814484fcb\windows-amd64

VM Arguments:
jvm_args: --add-opens=java.base/java.util=ALL-UNNAMED --add-opens=java.base/java.lang=ALL-UNNAMED --add-opens=java.base/java.lang.invoke=ALL-UNNAMED --add-opens=java.base/java.util=ALL-UNNAMED --add-opens=java.prefs/java.util.prefs=ALL-UNNAMED --add-opens=java.prefs/java.util.prefs=ALL-UNNAMED --add-opens=java.base/java.nio.charset=ALL-UNNAMED --add-opens=java.base/java.net=ALL-UNNAMED --add-opens=java.base/java.util.concurrent.atomic=ALL-UNNAMED -Xmx2048m -Dfile.encoding=UTF-8 -Duser.country=CN -Duser.language=zh -Duser.variant 
java_command: org.gradle.launcher.daemon.bootstrap.GradleDaemon 7.3.3
java_class_path (initial): C:\Users\lautung\.gradle\wrapper\dists\gradle-7.3.3-bin\6a41zxkdtcxs8rphpq6y0069z\gradle-7.3.3\lib\gradle-launcher-7.3.3.jar
Launcher Type: SUN_STANDARD

[Global flags]
     intx CICompilerCount                          = 4                                         {product} {ergonomic}
     uint ConcGCThreads                            = 3                                         {product} {ergonomic}
     uint G1ConcRefinementThreads                  = 10                                        {product} {ergonomic}
   size_t G1HeapRegionSize                         = 1048576                                   {product} {ergonomic}
    uintx GCDrainStackTargetSize                   = 64                                        {product} {ergonomic}
   size_t InitialHeapSize                          = 268435456                                 {product} {ergonomic}
   size_t MarkStackSize                            = 4194304                                   {product} {ergonomic}
   size_t MaxHeapSize                              = 2147483648                                {product} {command line}
   size_t MaxNewSize                               = 1287651328                                {product} {ergonomic}
   size_t MinHeapDeltaBytes                        = 1048576                                   {product} {ergonomic}
    uintx NonNMethodCodeHeapSize                   = 5836300                                {pd product} {ergonomic}
    uintx NonProfiledCodeHeapSize                  = 122910970                              {pd product} {ergonomic}
    uintx ProfiledCodeHeapSize                     = 122910970                              {pd product} {ergonomic}
    uintx ReservedCodeCacheSize                    = 251658240                              {pd product} {ergonomic}
     bool SegmentedCodeCache                       = true                                      {product} {ergonomic}
     bool UseCompressedClassPointers               = true                                 {lp64_product} {ergonomic}
     bool UseCompressedOops                        = true                                 {lp64_product} {ergonomic}
     bool UseG1GC                                  = true                                      {product} {ergonomic}
     bool UseLargePagesIndividualAllocation        = false                                  {pd product} {ergonomic}

Logging:
Log output configuration:
 #0: stdout all=warning uptime,level,tags
 #1: stderr all=off uptime,level,tags

Environment Variables:
JAVA_HOME=D:\DevEnv\Java\jdk-17.0.1
PATH=C:\Program Files (x86)\VMware\VMware Workstation\bin\;C:\Program Files (x86)\Common Files\Intel\Shared Libraries\redist\intel64_win\compiler;C:\Windows\system32;C:\Windows;C:\Windows\System32\Wbem;C:\Windows\System32\WindowsPowerShell\v1.0\;C:\Windows\System32\OpenSSH\;C:\Program Files\Microsoft SQL Server\150\Tools\Binn\;C:\Program Files\Microsoft SQL Server\Client SDK\ODBC\170\Tools\Binn\;C:\Program Files (x86)\NVIDIA Corporation\PhysX\Common;C:\Program Files\NVIDIA Corporation\NVIDIA NvDLISR;C:\Program Files\Bandizip\;D:\QuickTime\QTSystem\;C:\Program Files\dotnet\;C:\Users\lautung\AppData\Local\Programs\Python\Python39\Scripts\;C:\Users\lautung\AppData\Local\Programs\Python\Python39\;C:\Users\lautung\.cargo\bin;C:\Users\lautung\AppData\Local\Microsoft\WindowsApps;C:\Users\lautung\AppData\Local\Programs\Microsoft VS Code\bin;D:\DevEnv\Java\jdk-17.0.1\bin;D:\Programs\mysql-8.0.27-winx64\bin;D:\Programs\Git-2.34.1-32-bit\bin;D:\NodeJS\node-v16.13.2-win-x64;D:\CMake\cmake-3.22.1-windows-x86_64\bin;D:\DevEnv\Flutter\bin;D:\DevEnv\Android\AndroidSDK\cmdline-tools\latest\bin;C:\Users\lautung\.dotnet\tools;C:\Users\lautung\AppData\Local\JetBrains\Toolbox\scripts;D:\cygwin64\bin;D:\DevEnv\Android\AndroidSDK\platform-tools;
USERNAME=lautung
OS=Windows_NT
PROCESSOR_IDENTIFIER=AMD64 Family 23 Model 1 Stepping 1, AuthenticAMD



---------------  S Y S T E M  ---------------

OS: Windows 10 , 64 bit Build 19041 (10.0.19041.1889)
OS uptime: 1 days 1:36 hours

CPU:total 12 (initial active 12) (12 cores per cpu, 2 threads per core) family 23 model 1 stepping 1 microcode 0x0, cmov, cx8, fxsr, mmx, sse, sse2, sse3, ssse3, sse4.1, sse4.2, popcnt, avx, avx2, aes, clmul, mmxext, 3dnowpref, lzcnt, sse4a, ht, tsc, tscinvbit, tscinv, bmi1, bmi2, adx, sha, fma

Memory: 4k page, system-wide physical 16335M (2166M free)
TotalPageFile size 23012M (AvailPageFile size 1M)
current process WorkingSet (physical memory assigned to process): 281M, peak: 281M
current process commit charge ("private bytes"): 448M, peak: 449M

vm_info: OpenJDK 64-Bit Server VM (11.0.12+7-b1504.28-7817840) for windows-amd64 JRE (11.0.12+7-b1504.28-7817840), built on Oct 13 2021 22:12:33 by "builder" with MS VC++ 14.0 (VS2015)

END.
