#
# There is insufficient memory for the Java Runtime Environment to continue.
# Native memory allocation (malloc) failed to allocate 32744 bytes for ChunkPool::allocate
# Possible reasons:
#   The system is out of physical RAM or swap space
#   The process is running with CompressedOops enabled, and the Java Heap may be blocking the growth of the native heap
# Possible solutions:
#   Reduce memory load on the system
#   Increase physical memory or swap space
#   Check if swap backing store is full
#   Decrease Java heap size (-Xmx/-Xms)
#   Decrease number of Java threads
#   Decrease Java thread stack sizes (-Xss)
#   Set larger code cache with -XX:ReservedCodeCacheSize=
#   JVM is running with Unscaled Compressed Oops mode in which the Java heap is
#     placed in the first 4GB address space. The Java Heap base address is the
#     maximum limit for the native heap growth. Please use -XX:HeapBaseMinAddress
#     to set the Java Heap base and to place the Java Heap above 4GB virtual address.
# This output file may be truncated or incomplete.
#
#  Out of Memory Error (./src/hotspot/share/memory/arena.cpp:81), pid=14000, tid=17268
#
# JRE version: OpenJDK Runtime Environment (11.0.12+7) (build 11.0.12+7-b1504.28-7817840)
# Java VM: OpenJDK 64-Bit Server VM (11.0.12+7-b1504.28-7817840, mixed mode, tiered, compressed oops, g1 gc, windows-amd64)
# No core dump will be written. Minidumps are not enabled by default on client versions of Windows
#

---------------  S U M M A R Y ------------

Command Line: --add-opens=java.base/java.util=ALL-UNNAMED --add-opens=java.base/java.lang=ALL-UNNAMED --add-opens=java.base/java.lang.invoke=ALL-UNNAMED --add-opens=java.base/java.util=ALL-UNNAMED --add-opens=java.prefs/java.util.prefs=ALL-UNNAMED --add-opens=java.prefs/java.util.prefs=ALL-UNNAMED --add-opens=java.base/java.nio.charset=ALL-UNNAMED --add-opens=java.base/java.net=ALL-UNNAMED --add-opens=java.base/java.util.concurrent.atomic=ALL-UNNAMED -Xmx2048m -Dfile.encoding=UTF-8 -Duser.country=CN -Duser.language=zh -Duser.variant org.gradle.launcher.daemon.bootstrap.GradleDaemon 7.3.3

Host: AMD Ryzen 5 1600 Six-Core Processor            , 12 cores, 15G,  Windows 10 , 64 bit Build 19041 (10.0.19041.1889)
Time: Sat Aug 13 16:39:02 2022 中国标准时间 elapsed time: 2.794712 seconds (0d 0h 0m 2s)

---------------  T H R E A D  ---------------

Current thread (0x000002a87914d800):  JavaThread "C1 CompilerThread0" daemon [_thread_in_native, id=17268, stack(0x000000f352c00000,0x000000f352d00000)]


Current CompileTask:
C1:   2794 2209   !   3       java.util.concurrent.ConcurrentHashMap::putVal (432 bytes)

Stack: [0x000000f352c00000,0x000000f352d00000]
Native frames: (J=compiled Java code, j=interpreted, Vv=VM code, C=native code)
V  [jvm.dll+0x5fbcea]
V  [jvm.dll+0x731905]
V  [jvm.dll+0x732f1d]
V  [jvm.dll+0x7335d3]
V  [jvm.dll+0x247bf8]
V  [jvm.dll+0xc041b]
V  [jvm.dll+0xc06cc]
V  [jvm.dll+0x1b026f]
V  [jvm.dll+0x1afc09]
V  [jvm.dll+0x14c50c]
V  [jvm.dll+0x144933]
V  [jvm.dll+0x14477b]
V  [jvm.dll+0x128894]
V  [jvm.dll+0x1285b5]
V  [jvm.dll+0x1286d3]
V  [jvm.dll+0x1279e7]
V  [jvm.dll+0x1295b7]
V  [jvm.dll+0x20e0d7]
V  [jvm.dll+0x20c901]
V  [jvm.dll+0x6f9b7f]
V  [jvm.dll+0x6f26a5]
V  [jvm.dll+0x5fabf6]
C  [ucrtbase.dll+0x21bb2]
C  [KERNEL32.DLL+0x17034]
C  [ntdll.dll+0x52651]


---------------  P R O C E S S  ---------------

Threads class SMR info:
_java_thread_list=0x000002a87ec35050, length=28, elements={
0x000002a85d7a2800, 0x000002a8790be800, 0x000002a8790c9800, 0x000002a8790e8000,
0x000002a8790e9000, 0x000002a87913b000, 0x000002a879146000, 0x000002a87914d800,
0x000002a879151000, 0x000002a8792c6800, 0x000002a8792c5800, 0x000002a8792c4800,
0x000002a8792c7000, 0x000002a8792c8000, 0x000002a8792c9000, 0x000002a8792c9800,
0x000002a8792c4000, 0x000002a8792ca800, 0x000002a87b804800, 0x000002a87b802000,
0x000002a879523800, 0x000002a87b806000, 0x000002a87b803800, 0x000002a87b805000,
0x000002a87b800800, 0x000002a87cc8e000, 0x000002a87b807000, 0x000002a87b801000
}

Java Threads: ( => current thread )
  0x000002a85d7a2800 JavaThread "main" [_thread_blocked, id=3200, stack(0x000000f351f00000,0x000000f352000000)]
  0x000002a8790be800 JavaThread "Reference Handler" daemon [_thread_blocked, id=11312, stack(0x000000f352600000,0x000000f352700000)]
  0x000002a8790c9800 JavaThread "Finalizer" daemon [_thread_blocked, id=16020, stack(0x000000f352700000,0x000000f352800000)]
  0x000002a8790e8000 JavaThread "Signal Dispatcher" daemon [_thread_blocked, id=16256, stack(0x000000f352800000,0x000000f352900000)]
  0x000002a8790e9000 JavaThread "Attach Listener" daemon [_thread_blocked, id=14144, stack(0x000000f352900000,0x000000f352a00000)]
  0x000002a87913b000 JavaThread "Service Thread" daemon [_thread_blocked, id=6804, stack(0x000000f352a00000,0x000000f352b00000)]
  0x000002a879146000 JavaThread "C2 CompilerThread0" daemon [_thread_blocked, id=10224, stack(0x000000f352b00000,0x000000f352c00000)]
=>0x000002a87914d800 JavaThread "C1 CompilerThread0" daemon [_thread_in_native, id=17268, stack(0x000000f352c00000,0x000000f352d00000)]
  0x000002a879151000 JavaThread "Sweeper thread" daemon [_thread_blocked, id=16516, stack(0x000000f352d00000,0x000000f352e00000)]
  0x000002a8792c6800 JavaThread "Common-Cleaner" daemon [_thread_blocked, id=9276, stack(0x000000f352e00000,0x000000f352f00000)]
  0x000002a8792c5800 JavaThread "Daemon health stats" [_thread_blocked, id=13832, stack(0x000000f353700000,0x000000f353800000)]
  0x000002a8792c4800 JavaThread "Incoming local TCP Connector on port 7806" [_thread_in_native, id=1856, stack(0x000000f353000000,0x000000f353100000)]
  0x000002a8792c7000 JavaThread "Daemon periodic checks" [_thread_blocked, id=14548, stack(0x000000f353600000,0x000000f353700000)]
  0x000002a8792c8000 JavaThread "Daemon" [_thread_blocked, id=12744, stack(0x000000f353800000,0x000000f353900000)]
  0x000002a8792c9000 JavaThread "Handler for socket connection from /127.0.0.1:7806 to /127.0.0.1:7807" [_thread_in_native, id=6504, stack(0x000000f353900000,0x000000f353a00000)]
  0x000002a8792c9800 JavaThread "Cancel handler" [_thread_blocked, id=14732, stack(0x000000f353a00000,0x000000f353b00000)]
  0x000002a8792c4000 JavaThread "Daemon worker" [_thread_in_Java, id=14312, stack(0x000000f353b00000,0x000000f353c00000)]
  0x000002a8792ca800 JavaThread "Asynchronous log dispatcher for DefaultDaemonConnection: socket connection from /127.0.0.1:7806 to /127.0.0.1:7807" [_thread_blocked, id=10688, stack(0x000000f353c00000,0x000000f353d00000)]
  0x000002a87b804800 JavaThread "Stdin handler" [_thread_blocked, id=3612, stack(0x000000f353d00000,0x000000f353e00000)]
  0x000002a87b802000 JavaThread "Daemon client event forwarder" [_thread_blocked, id=13684, stack(0x000000f353e00000,0x000000f353f00000)]
  0x000002a879523800 JavaThread "C2 CompilerThread1" daemon [_thread_in_native, id=10984, stack(0x000000f353f00000,0x000000f354000000)]
  0x000002a87b806000 JavaThread "Cache worker for journal cache (C:\Users\lautung\.gradle\caches\journal-1)" [_thread_blocked, id=16608, stack(0x000000f354000000,0x000000f354100000)]
  0x000002a87b803800 JavaThread "File lock request listener" [_thread_in_native, id=3172, stack(0x000000f354100000,0x000000f354200000)]
  0x000002a87b805000 JavaThread "Cache worker for file hash cache (C:\Users\lautung\.gradle\caches\7.3.3\fileHashes)" [_thread_blocked, id=12308, stack(0x000000f354200000,0x000000f354300000)]
  0x000002a87b800800 JavaThread "Cache worker for file hash cache (D:\AndroidProjects\LtPlayer\.gradle\7.3.3\fileHashes)" [_thread_blocked, id=11648, stack(0x000000f354900000,0x000000f354a00000)]
  0x000002a87cc8e000 JavaThread "C2 CompilerThread2" daemon [_thread_blocked, id=4004, stack(0x000000f354a00000,0x000000f354b00000)]
  0x000002a87b807000 JavaThread "File watcher server" daemon [_thread_in_native, id=14672, stack(0x000000f354b00000,0x000000f354c00000)]
  0x000002a87b801000 JavaThread "File watcher consumer" daemon [_thread_blocked, id=8528, stack(0x000000f354c00000,0x000000f354d00000)]

Other Threads:
  0x000002a8790bc800 VMThread "VM Thread" [stack: 0x000000f352500000,0x000000f352600000] [id=7632]
  0x000002a8792e6000 WatcherThread [stack: 0x000000f352f00000,0x000000f353000000] [id=5756]
  0x000002a85d7b9800 GCTaskThread "GC Thread#0" [stack: 0x000000f352000000,0x000000f352100000] [id=4696]
  0x000002a879888000 GCTaskThread "GC Thread#1" [stack: 0x000000f353100000,0x000000f353200000] [id=15724]
  0x000002a879e7c000 GCTaskThread "GC Thread#2" [stack: 0x000000f353200000,0x000000f353300000] [id=2996]
  0x000002a879e93000 GCTaskThread "GC Thread#3" [stack: 0x000000f353300000,0x000000f353400000] [id=13928]
  0x000002a879ff3000 GCTaskThread "GC Thread#4" [stack: 0x000000f353400000,0x000000f353500000] [id=16172]
  0x000002a87a0f6000 GCTaskThread "GC Thread#5" [stack: 0x000000f353500000,0x000000f353600000] [id=836]
  0x000002a87bee3800 GCTaskThread "GC Thread#6" [stack: 0x000000f354300000,0x000000f354400000] [id=14856]
  0x000002a87cb12800 GCTaskThread "GC Thread#7" [stack: 0x000000f354400000,0x000000f354500000] [id=14652]
  0x000002a87bb51000 GCTaskThread "GC Thread#8" [stack: 0x000000f354500000,0x000000f354600000] [id=6020]
  0x000002a87a517800 GCTaskThread "GC Thread#9" [stack: 0x000000f354600000,0x000000f354700000] [id=5712]
  0x000002a85d7ef000 ConcurrentGCThread "G1 Main Marker" [stack: 0x000000f352100000,0x000000f352200000] [id=3152]
  0x000002a85d7f0800 ConcurrentGCThread "G1 Conc#0" [stack: 0x000000f352200000,0x000000f352300000] [id=16740]
  0x000002a87c643000 ConcurrentGCThread "G1 Conc#1" [stack: 0x000000f354700000,0x000000f354800000] [id=10440]
  0x000002a87c40f800 ConcurrentGCThread "G1 Conc#2" [stack: 0x000000f354800000,0x000000f354900000] [id=14488]
  0x000002a87870a800 ConcurrentGCThread "G1 Refine#0" [stack: 0x000000f352300000,0x000000f352400000] [id=12648]
  0x000002a87870b000 ConcurrentGCThread "G1 Young RemSet Sampling" [stack: 0x000000f352400000,0x000000f352500000] [id=13360]

Threads with active compile tasks:
C1 CompilerThread0   2813 2209   !   3       java.util.concurrent.ConcurrentHashMap::putVal (432 bytes)
C2 CompilerThread1   2813 2093   !   4       java.net.URLClassLoader$1::run (63 bytes)

VM state:not at safepoint (normal execution)

VM Mutex/Monitor currently owned by a thread: None

Heap address: 0x0000000080000000, size: 2048 MB, Compressed Oops mode: 32-bit
Narrow klass base: 0x0000000000000000, Narrow klass shift: 3
Compressed class space size: 1073741824 Address: 0x0000000100000000

Heap:
 garbage-first heap   total 262144K, used 24566K [0x0000000080000000, 0x0000000100000000)
  region size 1024K, 9 young (9216K), 3 survivors (3072K)
 Metaspace       used 26506K, capacity 27151K, committed 27264K, reserved 1073152K
  class space    used 3453K, capacity 3659K, committed 3712K, reserved 1048576K
Heap Regions: E=young(eden), S=young(survivor), O=old, HS=humongous(starts), HC=humongous(continues), CS=collection set, F=free, A=archive, TAMS=top-at-mark-start (previous, next)
|   0|0x0000000080000000, 0x0000000080100000, 0x0000000080100000|100%| O|  |TAMS 0x0000000080000000, 0x0000000080000000| Untracked 
|   1|0x0000000080100000, 0x0000000080200000, 0x0000000080200000|100%| O|  |TAMS 0x0000000080100000, 0x0000000080100000| Untracked 
|   2|0x0000000080200000, 0x0000000080300000, 0x0000000080300000|100%| O|  |TAMS 0x0000000080200000, 0x0000000080200000| Untracked 
|   3|0x0000000080300000, 0x0000000080400000, 0x0000000080400000|100%|HS|  |TAMS 0x0000000080400000, 0x0000000080300000| Complete 
|   4|0x0000000080400000, 0x0000000080500000, 0x0000000080500000|100%|HC|  |TAMS 0x0000000080500000, 0x0000000080400000| Complete 
|   5|0x0000000080500000, 0x0000000080600000, 0x0000000080600000|100%|HC|  |TAMS 0x0000000080600000, 0x0000000080500000| Complete 
|   6|0x0000000080600000, 0x0000000080700000, 0x0000000080700000|100%| O|  |TAMS 0x0000000080700000, 0x0000000080600000| Untracked 
|   7|0x0000000080700000, 0x0000000080800000, 0x0000000080800000|100%| O|  |TAMS 0x0000000080800000, 0x0000000080700000| Untracked 
|   8|0x0000000080800000, 0x0000000080900000, 0x0000000080900000|100%| O|  |TAMS 0x0000000080900000, 0x0000000080800000| Untracked 
|   9|0x0000000080900000, 0x0000000080a00000, 0x0000000080a00000|100%| O|  |TAMS 0x000000008097f000, 0x0000000080900000| Untracked 
|  10|0x0000000080a00000, 0x0000000080b00000, 0x0000000080b00000|100%| O|  |TAMS 0x0000000080a00000, 0x0000000080a00000| Untracked 
|  11|0x0000000080b00000, 0x0000000080c00000, 0x0000000080c00000|100%| O|  |TAMS 0x0000000080b00000, 0x0000000080b00000| Untracked 
|  12|0x0000000080c00000, 0x0000000080d00000, 0x0000000080d00000|100%| O|  |TAMS 0x0000000080c00000, 0x0000000080c00000| Untracked 
|  13|0x0000000080d00000, 0x0000000080e00000, 0x0000000080e00000|100%| O|  |TAMS 0x0000000080d00000, 0x0000000080d00000| Untracked 
|  14|0x0000000080e00000, 0x0000000080f00000, 0x0000000080f00000|100%| O|  |TAMS 0x0000000080e00000, 0x0000000080e00000| Untracked 
|  15|0x0000000080f00000, 0x0000000081000000, 0x0000000081000000|100%| O|  |TAMS 0x0000000080f00000, 0x0000000080f00000| Untracked 
|  16|0x0000000081000000, 0x00000000810af200, 0x0000000081100000| 68%| O|  |TAMS 0x0000000081000000, 0x0000000081000000| Untracked 
|  17|0x0000000081100000, 0x0000000081100000, 0x0000000081200000|  0%| F|  |TAMS 0x0000000081100000, 0x0000000081100000| Untracked 
|  18|0x0000000081200000, 0x0000000081200000, 0x0000000081300000|  0%| F|  |TAMS 0x0000000081200000, 0x0000000081200000| Untracked 
|  19|0x0000000081300000, 0x0000000081300000, 0x0000000081400000|  0%| F|  |TAMS 0x0000000081300000, 0x0000000081300000| Untracked 
|  20|0x0000000081400000, 0x0000000081400000, 0x0000000081500000|  0%| F|  |TAMS 0x0000000081400000, 0x0000000081400000| Untracked 
|  21|0x0000000081500000, 0x0000000081500000, 0x0000000081600000|  0%| F|  |TAMS 0x0000000081500000, 0x0000000081500000| Untracked 
|  22|0x0000000081600000, 0x0000000081600000, 0x0000000081700000|  0%| F|  |TAMS 0x0000000081600000, 0x0000000081600000| Untracked 
|  23|0x0000000081700000, 0x0000000081700000, 0x0000000081800000|  0%| F|  |TAMS 0x0000000081700000, 0x0000000081700000| Untracked 
|  24|0x0000000081800000, 0x0000000081800000, 0x0000000081900000|  0%| F|  |TAMS 0x0000000081800000, 0x0000000081800000| Untracked 
|  25|0x0000000081900000, 0x0000000081900000, 0x0000000081a00000|  0%| F|  |TAMS 0x0000000081900000, 0x0000000081900000| Untracked 
|  26|0x0000000081a00000, 0x0000000081a00000, 0x0000000081b00000|  0%| F|  |TAMS 0x0000000081a00000, 0x0000000081a00000| Untracked 
|  27|0x0000000081b00000, 0x0000000081b00000, 0x0000000081c00000|  0%| F|  |TAMS 0x0000000081b00000, 0x0000000081b00000| Untracked 
|  28|0x0000000081c00000, 0x0000000081c00000, 0x0000000081d00000|  0%| F|  |TAMS 0x0000000081c00000, 0x0000000081c00000| Untracked 
|  29|0x0000000081d00000, 0x0000000081d00000, 0x0000000081e00000|  0%| F|  |TAMS 0x0000000081d00000, 0x0000000081d00000| Untracked 
|  30|0x0000000081e00000, 0x0000000081e00000, 0x0000000081f00000|  0%| F|  |TAMS 0x0000000081e00000, 0x0000000081e00000| Untracked 
|  31|0x0000000081f00000, 0x0000000081f00000, 0x0000000082000000|  0%| F|  |TAMS 0x0000000081f00000, 0x0000000081f00000| Untracked 
|  32|0x0000000082000000, 0x0000000082000000, 0x0000000082100000|  0%| F|  |TAMS 0x0000000082000000, 0x0000000082000000| Untracked 
|  33|0x0000000082100000, 0x0000000082100000, 0x0000000082200000|  0%| F|  |TAMS 0x0000000082100000, 0x0000000082100000| Untracked 
|  34|0x0000000082200000, 0x0000000082200000, 0x0000000082300000|  0%| F|  |TAMS 0x0000000082200000, 0x0000000082200000| Untracked 
|  35|0x0000000082300000, 0x0000000082300000, 0x0000000082400000|  0%| F|  |TAMS 0x0000000082300000, 0x0000000082300000| Untracked 
|  36|0x0000000082400000, 0x0000000082400000, 0x0000000082500000|  0%| F|  |TAMS 0x0000000082400000, 0x0000000082400000| Untracked 
|  37|0x0000000082500000, 0x0000000082500000, 0x0000000082600000|  0%| F|  |TAMS 0x0000000082500000, 0x0000000082500000| Untracked 
|  38|0x0000000082600000, 0x0000000082600000, 0x0000000082700000|  0%| F|  |TAMS 0x0000000082600000, 0x0000000082600000| Untracked 
|  39|0x0000000082700000, 0x0000000082700000, 0x0000000082800000|  0%| F|  |TAMS 0x0000000082700000, 0x0000000082700000| Untracked 
|  40|0x0000000082800000, 0x0000000082800000, 0x0000000082900000|  0%| F|  |TAMS 0x0000000082800000, 0x0000000082800000| Untracked 
|  41|0x0000000082900000, 0x0000000082900000, 0x0000000082a00000|  0%| F|  |TAMS 0x0000000082900000, 0x0000000082900000| Untracked 
|  42|0x0000000082a00000, 0x0000000082a00000, 0x0000000082b00000|  0%| F|  |TAMS 0x0000000082a00000, 0x0000000082a00000| Untracked 
|  43|0x0000000082b00000, 0x0000000082b00000, 0x0000000082c00000|  0%| F|  |TAMS 0x0000000082b00000, 0x0000000082b00000| Untracked 
|  44|0x0000000082c00000, 0x0000000082c00000, 0x0000000082d00000|  0%| F|  |TAMS 0x0000000082c00000, 0x0000000082c00000| Untracked 
|  45|0x0000000082d00000, 0x0000000082d00000, 0x0000000082e00000|  0%| F|  |TAMS 0x0000000082d00000, 0x0000000082d00000| Untracked 
|  46|0x0000000082e00000, 0x0000000082e00000, 0x0000000082f00000|  0%| F|  |TAMS 0x0000000082e00000, 0x0000000082e00000| Untracked 
|  47|0x0000000082f00000, 0x0000000082f00000, 0x0000000083000000|  0%| F|  |TAMS 0x0000000082f00000, 0x0000000082f00000| Untracked 
|  48|0x0000000083000000, 0x0000000083000000, 0x0000000083100000|  0%| F|  |TAMS 0x0000000083000000, 0x0000000083000000| Untracked 
|  49|0x0000000083100000, 0x0000000083100000, 0x0000000083200000|  0%| F|  |TAMS 0x0000000083100000, 0x0000000083100000| Untracked 
|  50|0x0000000083200000, 0x0000000083200000, 0x0000000083300000|  0%| F|  |TAMS 0x0000000083200000, 0x0000000083200000| Untracked 
|  51|0x0000000083300000, 0x0000000083300000, 0x0000000083400000|  0%| F|  |TAMS 0x0000000083300000, 0x0000000083300000| Untracked 
|  52|0x0000000083400000, 0x0000000083400000, 0x0000000083500000|  0%| F|  |TAMS 0x0000000083400000, 0x0000000083400000| Untracked 
|  53|0x0000000083500000, 0x0000000083500000, 0x0000000083600000|  0%| F|  |TAMS 0x0000000083500000, 0x0000000083500000| Untracked 
|  54|0x0000000083600000, 0x0000000083600000, 0x0000000083700000|  0%| F|  |TAMS 0x0000000083600000, 0x0000000083600000| Untracked 
|  55|0x0000000083700000, 0x0000000083700000, 0x0000000083800000|  0%| F|  |TAMS 0x0000000083700000, 0x0000000083700000| Untracked 
|  56|0x0000000083800000, 0x0000000083800000, 0x0000000083900000|  0%| F|  |TAMS 0x0000000083800000, 0x0000000083800000| Untracked 
|  57|0x0000000083900000, 0x0000000083900000, 0x0000000083a00000|  0%| F|  |TAMS 0x0000000083900000, 0x0000000083900000| Untracked 
|  58|0x0000000083a00000, 0x0000000083a00000, 0x0000000083b00000|  0%| F|  |TAMS 0x0000000083a00000, 0x0000000083a00000| Untracked 
|  59|0x0000000083b00000, 0x0000000083b00000, 0x0000000083c00000|  0%| F|  |TAMS 0x0000000083b00000, 0x0000000083b00000| Untracked 
|  60|0x0000000083c00000, 0x0000000083c00000, 0x0000000083d00000|  0%| F|  |TAMS 0x0000000083c00000, 0x0000000083c00000| Untracked 
|  61|0x0000000083d00000, 0x0000000083d00000, 0x0000000083e00000|  0%| F|  |TAMS 0x0000000083d00000, 0x0000000083d00000| Untracked 
|  62|0x0000000083e00000, 0x0000000083e00000, 0x0000000083f00000|  0%| F|  |TAMS 0x0000000083e00000, 0x0000000083e00000| Untracked 
|  63|0x0000000083f00000, 0x0000000083f00000, 0x0000000084000000|  0%| F|  |TAMS 0x0000000083f00000, 0x0000000083f00000| Untracked 
|  64|0x0000000084000000, 0x0000000084000000, 0x0000000084100000|  0%| F|  |TAMS 0x0000000084000000, 0x0000000084000000| Untracked 
|  65|0x0000000084100000, 0x0000000084100000, 0x0000000084200000|  0%| F|  |TAMS 0x0000000084100000, 0x0000000084100000| Untracked 
|  66|0x0000000084200000, 0x0000000084200000, 0x0000000084300000|  0%| F|  |TAMS 0x0000000084200000, 0x0000000084200000| Untracked 
|  67|0x0000000084300000, 0x0000000084300000, 0x0000000084400000|  0%| F|  |TAMS 0x0000000084300000, 0x0000000084300000| Untracked 
|  68|0x0000000084400000, 0x0000000084400000, 0x0000000084500000|  0%| F|  |TAMS 0x0000000084400000, 0x0000000084400000| Untracked 
|  69|0x0000000084500000, 0x0000000084500000, 0x0000000084600000|  0%| F|  |TAMS 0x0000000084500000, 0x0000000084500000| Untracked 
|  70|0x0000000084600000, 0x0000000084600000, 0x0000000084700000|  0%| F|  |TAMS 0x0000000084600000, 0x0000000084600000| Untracked 
|  71|0x0000000084700000, 0x0000000084700000, 0x0000000084800000|  0%| F|  |TAMS 0x0000000084700000, 0x0000000084700000| Untracked 
|  72|0x0000000084800000, 0x0000000084800000, 0x0000000084900000|  0%| F|  |TAMS 0x0000000084800000, 0x0000000084800000| Untracked 
|  73|0x0000000084900000, 0x0000000084900000, 0x0000000084a00000|  0%| F|  |TAMS 0x0000000084900000, 0x0000000084900000| Untracked 
|  74|0x0000000084a00000, 0x0000000084a00000, 0x0000000084b00000|  0%| F|  |TAMS 0x0000000084a00000, 0x0000000084a00000| Untracked 
|  75|0x0000000084b00000, 0x0000000084b00000, 0x0000000084c00000|  0%| F|  |TAMS 0x0000000084b00000, 0x0000000084b00000| Untracked 
|  76|0x0000000084c00000, 0x0000000084c00000, 0x0000000084d00000|  0%| F|  |TAMS 0x0000000084c00000, 0x0000000084c00000| Untracked 
|  77|0x0000000084d00000, 0x0000000084d00000, 0x0000000084e00000|  0%| F|  |TAMS 0x0000000084d00000, 0x0000000084d00000| Untracked 
|  78|0x0000000084e00000, 0x0000000084e00000, 0x0000000084f00000|  0%| F|  |TAMS 0x0000000084e00000, 0x0000000084e00000| Untracked 
|  79|0x0000000084f00000, 0x0000000084f00000, 0x0000000085000000|  0%| F|  |TAMS 0x0000000084f00000, 0x0000000084f00000| Untracked 
|  80|0x0000000085000000, 0x0000000085000000, 0x0000000085100000|  0%| F|  |TAMS 0x0000000085000000, 0x0000000085000000| Untracked 
|  81|0x0000000085100000, 0x0000000085100000, 0x0000000085200000|  0%| F|  |TAMS 0x0000000085100000, 0x0000000085100000| Untracked 
|  82|0x0000000085200000, 0x0000000085200000, 0x0000000085300000|  0%| F|  |TAMS 0x0000000085200000, 0x0000000085200000| Untracked 
|  83|0x0000000085300000, 0x0000000085300000, 0x0000000085400000|  0%| F|  |TAMS 0x0000000085300000, 0x0000000085300000| Untracked 
|  84|0x0000000085400000, 0x0000000085400000, 0x0000000085500000|  0%| F|  |TAMS 0x0000000085400000, 0x0000000085400000| Untracked 
|  85|0x0000000085500000, 0x0000000085500000, 0x0000000085600000|  0%| F|  |TAMS 0x0000000085500000, 0x0000000085500000| Untracked 
|  86|0x0000000085600000, 0x0000000085600000, 0x0000000085700000|  0%| F|  |TAMS 0x0000000085600000, 0x0000000085600000| Untracked 
|  87|0x0000000085700000, 0x0000000085700000, 0x0000000085800000|  0%| F|  |TAMS 0x0000000085700000, 0x0000000085700000| Untracked 
|  88|0x0000000085800000, 0x0000000085800000, 0x0000000085900000|  0%| F|  |TAMS 0x0000000085800000, 0x0000000085800000| Untracked 
|  89|0x0000000085900000, 0x0000000085900000, 0x0000000085a00000|  0%| F|  |TAMS 0x0000000085900000, 0x0000000085900000| Untracked 
|  90|0x0000000085a00000, 0x0000000085a00000, 0x0000000085b00000|  0%| F|  |TAMS 0x0000000085a00000, 0x0000000085a00000| Untracked 
|  91|0x0000000085b00000, 0x0000000085b00000, 0x0000000085c00000|  0%| F|  |TAMS 0x0000000085b00000, 0x0000000085b00000| Untracked 
|  92|0x0000000085c00000, 0x0000000085c00000, 0x0000000085d00000|  0%| F|  |TAMS 0x0000000085c00000, 0x0000000085c00000| Untracked 
|  93|0x0000000085d00000, 0x0000000085d00000, 0x0000000085e00000|  0%| F|  |TAMS 0x0000000085d00000, 0x0000000085d00000| Untracked 
|  94|0x0000000085e00000, 0x0000000085e00000, 0x0000000085f00000|  0%| F|  |TAMS 0x0000000085e00000, 0x0000000085e00000| Untracked 
|  95|0x0000000085f00000, 0x0000000085f00000, 0x0000000086000000|  0%| F|  |TAMS 0x0000000085f00000, 0x0000000085f00000| Untracked 
|  96|0x0000000086000000, 0x0000000086000000, 0x0000000086100000|  0%| F|  |TAMS 0x0000000086000000, 0x0000000086000000| Untracked 
|  97|0x0000000086100000, 0x0000000086100000, 0x0000000086200000|  0%| F|  |TAMS 0x0000000086100000, 0x0000000086100000| Untracked 
|  98|0x0000000086200000, 0x0000000086200000, 0x0000000086300000|  0%| F|  |TAMS 0x0000000086200000, 0x0000000086200000| Untracked 
|  99|0x0000000086300000, 0x0000000086300000, 0x0000000086400000|  0%| F|  |TAMS 0x0000000086300000, 0x0000000086300000| Untracked 
| 100|0x0000000086400000, 0x0000000086400000, 0x0000000086500000|  0%| F|  |TAMS 0x0000000086400000, 0x0000000086400000| Untracked 
| 101|0x0000000086500000, 0x0000000086500000, 0x0000000086600000|  0%| F|  |TAMS 0x0000000086500000, 0x0000000086500000| Untracked 
| 102|0x0000000086600000, 0x0000000086600000, 0x0000000086700000|  0%| F|  |TAMS 0x0000000086600000, 0x0000000086600000| Untracked 
| 103|0x0000000086700000, 0x0000000086700000, 0x0000000086800000|  0%| F|  |TAMS 0x0000000086700000, 0x0000000086700000| Untracked 
| 104|0x0000000086800000, 0x0000000086800000, 0x0000000086900000|  0%| F|  |TAMS 0x0000000086800000, 0x0000000086800000| Untracked 
| 105|0x0000000086900000, 0x0000000086900000, 0x0000000086a00000|  0%| F|  |TAMS 0x0000000086900000, 0x0000000086900000| Untracked 
| 106|0x0000000086a00000, 0x0000000086a00000, 0x0000000086b00000|  0%| F|  |TAMS 0x0000000086a00000, 0x0000000086a00000| Untracked 
| 107|0x0000000086b00000, 0x0000000086b00000, 0x0000000086c00000|  0%| F|  |TAMS 0x0000000086b00000, 0x0000000086b00000| Untracked 
| 108|0x0000000086c00000, 0x0000000086c00000, 0x0000000086d00000|  0%| F|  |TAMS 0x0000000086c00000, 0x0000000086c00000| Untracked 
| 109|0x0000000086d00000, 0x0000000086d00000, 0x0000000086e00000|  0%| F|  |TAMS 0x0000000086d00000, 0x0000000086d00000| Untracked 
| 110|0x0000000086e00000, 0x0000000086e00000, 0x0000000086f00000|  0%| F|  |TAMS 0x0000000086e00000, 0x0000000086e00000| Untracked 
| 111|0x0000000086f00000, 0x0000000086f00000, 0x0000000087000000|  0%| F|  |TAMS 0x0000000086f00000, 0x0000000086f00000| Untracked 
| 112|0x0000000087000000, 0x0000000087000000, 0x0000000087100000|  0%| F|  |TAMS 0x0000000087000000, 0x0000000087000000| Untracked 
| 113|0x0000000087100000, 0x0000000087100000, 0x0000000087200000|  0%| F|  |TAMS 0x0000000087100000, 0x0000000087100000| Untracked 
| 114|0x0000000087200000, 0x0000000087200000, 0x0000000087300000|  0%| F|  |TAMS 0x0000000087200000, 0x0000000087200000| Untracked 
| 115|0x0000000087300000, 0x0000000087300000, 0x0000000087400000|  0%| F|  |TAMS 0x0000000087300000, 0x0000000087300000| Untracked 
| 116|0x0000000087400000, 0x0000000087400000, 0x0000000087500000|  0%| F|  |TAMS 0x0000000087400000, 0x0000000087400000| Untracked 
| 117|0x0000000087500000, 0x0000000087500000, 0x0000000087600000|  0%| F|  |TAMS 0x0000000087500000, 0x0000000087500000| Untracked 
| 118|0x0000000087600000, 0x0000000087600000, 0x0000000087700000|  0%| F|  |TAMS 0x0000000087600000, 0x0000000087600000| Untracked 
| 119|0x0000000087700000, 0x0000000087700000, 0x0000000087800000|  0%| F|  |TAMS 0x0000000087700000, 0x0000000087700000| Untracked 
| 120|0x0000000087800000, 0x0000000087800000, 0x0000000087900000|  0%| F|  |TAMS 0x0000000087800000, 0x0000000087800000| Untracked 
| 121|0x0000000087900000, 0x0000000087900000, 0x0000000087a00000|  0%| F|  |TAMS 0x0000000087900000, 0x0000000087900000| Untracked 
| 122|0x0000000087a00000, 0x0000000087a00000, 0x0000000087b00000|  0%| F|  |TAMS 0x0000000087a00000, 0x0000000087a00000| Untracked 
| 123|0x0000000087b00000, 0x0000000087b00000, 0x0000000087c00000|  0%| F|  |TAMS 0x0000000087b00000, 0x0000000087b00000| Untracked 
| 124|0x0000000087c00000, 0x0000000087c00000, 0x0000000087d00000|  0%| F|  |TAMS 0x0000000087c00000, 0x0000000087c00000| Untracked 
| 125|0x0000000087d00000, 0x0000000087d00000, 0x0000000087e00000|  0%| F|  |TAMS 0x0000000087d00000, 0x0000000087d00000| Untracked 
| 126|0x0000000087e00000, 0x0000000087e00000, 0x0000000087f00000|  0%| F|  |TAMS 0x0000000087e00000, 0x0000000087e00000| Untracked 
| 127|0x0000000087f00000, 0x0000000087f00000, 0x0000000088000000|  0%| F|  |TAMS 0x0000000087f00000, 0x0000000087f00000| Untracked 
| 128|0x0000000088000000, 0x0000000088000000, 0x0000000088100000|  0%| F|  |TAMS 0x0000000088000000, 0x0000000088000000| Untracked 
| 129|0x0000000088100000, 0x0000000088100000, 0x0000000088200000|  0%| F|  |TAMS 0x0000000088100000, 0x0000000088100000| Untracked 
| 130|0x0000000088200000, 0x0000000088200000, 0x0000000088300000|  0%| F|  |TAMS 0x0000000088200000, 0x0000000088200000| Untracked 
| 131|0x0000000088300000, 0x0000000088300000, 0x0000000088400000|  0%| F|  |TAMS 0x0000000088300000, 0x0000000088300000| Untracked 
| 132|0x0000000088400000, 0x0000000088400000, 0x0000000088500000|  0%| F|  |TAMS 0x0000000088400000, 0x0000000088400000| Untracked 
| 133|0x0000000088500000, 0x0000000088500000, 0x0000000088600000|  0%| F|  |TAMS 0x0000000088500000, 0x0000000088500000| Untracked 
| 134|0x0000000088600000, 0x0000000088600000, 0x0000000088700000|  0%| F|  |TAMS 0x0000000088600000, 0x0000000088600000| Untracked 
| 135|0x0000000088700000, 0x0000000088700000, 0x0000000088800000|  0%| F|  |TAMS 0x0000000088700000, 0x0000000088700000| Untracked 
| 136|0x0000000088800000, 0x0000000088800000, 0x0000000088900000|  0%| F|  |TAMS 0x0000000088800000, 0x0000000088800000| Untracked 
| 137|0x0000000088900000, 0x0000000088900000, 0x0000000088a00000|  0%| F|  |TAMS 0x0000000088900000, 0x0000000088900000| Untracked 
| 138|0x0000000088a00000, 0x0000000088a00000, 0x0000000088b00000|  0%| F|  |TAMS 0x0000000088a00000, 0x0000000088a00000| Untracked 
| 139|0x0000000088b00000, 0x0000000088b00000, 0x0000000088c00000|  0%| F|  |TAMS 0x0000000088b00000, 0x0000000088b00000| Untracked 
| 140|0x0000000088c00000, 0x0000000088c00000, 0x0000000088d00000|  0%| F|  |TAMS 0x0000000088c00000, 0x0000000088c00000| Untracked 
| 141|0x0000000088d00000, 0x0000000088d00000, 0x0000000088e00000|  0%| F|  |TAMS 0x0000000088d00000, 0x0000000088d00000| Untracked 
| 142|0x0000000088e00000, 0x0000000088e00000, 0x0000000088f00000|  0%| F|  |TAMS 0x0000000088e00000, 0x0000000088e00000| Untracked 
| 143|0x0000000088f00000, 0x0000000088f00000, 0x0000000089000000|  0%| F|  |TAMS 0x0000000088f00000, 0x0000000088f00000| Untracked 
| 144|0x0000000089000000, 0x0000000089000000, 0x0000000089100000|  0%| F|  |TAMS 0x0000000089000000, 0x0000000089000000| Untracked 
| 145|0x0000000089100000, 0x0000000089100000, 0x0000000089200000|  0%| F|  |TAMS 0x0000000089100000, 0x0000000089100000| Untracked 
| 146|0x0000000089200000, 0x0000000089200000, 0x0000000089300000|  0%| F|  |TAMS 0x0000000089200000, 0x0000000089200000| Untracked 
| 147|0x0000000089300000, 0x0000000089300000, 0x0000000089400000|  0%| F|  |TAMS 0x0000000089300000, 0x0000000089300000| Untracked 
| 148|0x0000000089400000, 0x0000000089400000, 0x0000000089500000|  0%| F|  |TAMS 0x0000000089400000, 0x0000000089400000| Untracked 
| 149|0x0000000089500000, 0x0000000089500000, 0x0000000089600000|  0%| F|  |TAMS 0x0000000089500000, 0x0000000089500000| Untracked 
| 150|0x0000000089600000, 0x0000000089600000, 0x0000000089700000|  0%| F|  |TAMS 0x0000000089600000, 0x0000000089600000| Untracked 
| 151|0x0000000089700000, 0x0000000089700000, 0x0000000089800000|  0%| F|  |TAMS 0x0000000089700000, 0x0000000089700000| Untracked 
| 152|0x0000000089800000, 0x0000000089800000, 0x0000000089900000|  0%| F|  |TAMS 0x0000000089800000, 0x0000000089800000| Untracked 
| 153|0x0000000089900000, 0x0000000089900000, 0x0000000089a00000|  0%| F|  |TAMS 0x0000000089900000, 0x0000000089900000| Untracked 
| 154|0x0000000089a00000, 0x0000000089a00000, 0x0000000089b00000|  0%| F|  |TAMS 0x0000000089a00000, 0x0000000089a00000| Untracked 
| 155|0x0000000089b00000, 0x0000000089b00000, 0x0000000089c00000|  0%| F|  |TAMS 0x0000000089b00000, 0x0000000089b00000| Untracked 
| 156|0x0000000089c00000, 0x0000000089c00000, 0x0000000089d00000|  0%| F|  |TAMS 0x0000000089c00000, 0x0000000089c00000| Untracked 
| 157|0x0000000089d00000, 0x0000000089d00000, 0x0000000089e00000|  0%| F|  |TAMS 0x0000000089d00000, 0x0000000089d00000| Untracked 
| 158|0x0000000089e00000, 0x0000000089e00000, 0x0000000089f00000|  0%| F|  |TAMS 0x0000000089e00000, 0x0000000089e00000| Untracked 
| 159|0x0000000089f00000, 0x0000000089f00000, 0x000000008a000000|  0%| F|  |TAMS 0x0000000089f00000, 0x0000000089f00000| Untracked 
| 160|0x000000008a000000, 0x000000008a000000, 0x000000008a100000|  0%| F|  |TAMS 0x000000008a000000, 0x000000008a000000| Untracked 
| 161|0x000000008a100000, 0x000000008a100000, 0x000000008a200000|  0%| F|  |TAMS 0x000000008a100000, 0x000000008a100000| Untracked 
| 162|0x000000008a200000, 0x000000008a200000, 0x000000008a300000|  0%| F|  |TAMS 0x000000008a200000, 0x000000008a200000| Untracked 
| 163|0x000000008a300000, 0x000000008a300000, 0x000000008a400000|  0%| F|  |TAMS 0x000000008a300000, 0x000000008a300000| Untracked 
| 164|0x000000008a400000, 0x000000008a400000, 0x000000008a500000|  0%| F|  |TAMS 0x000000008a400000, 0x000000008a400000| Untracked 
| 165|0x000000008a500000, 0x000000008a500000, 0x000000008a600000|  0%| F|  |TAMS 0x000000008a500000, 0x000000008a500000| Untracked 
| 166|0x000000008a600000, 0x000000008a600000, 0x000000008a700000|  0%| F|  |TAMS 0x000000008a600000, 0x000000008a600000| Untracked 
| 167|0x000000008a700000, 0x000000008a700000, 0x000000008a800000|  0%| F|  |TAMS 0x000000008a700000, 0x000000008a700000| Untracked 
| 168|0x000000008a800000, 0x000000008a800000, 0x000000008a900000|  0%| F|  |TAMS 0x000000008a800000, 0x000000008a800000| Untracked 
| 169|0x000000008a900000, 0x000000008a900000, 0x000000008aa00000|  0%| F|  |TAMS 0x000000008a900000, 0x000000008a900000| Untracked 
| 170|0x000000008aa00000, 0x000000008aa00000, 0x000000008ab00000|  0%| F|  |TAMS 0x000000008aa00000, 0x000000008aa00000| Untracked 
| 171|0x000000008ab00000, 0x000000008ab00000, 0x000000008ac00000|  0%| F|  |TAMS 0x000000008ab00000, 0x000000008ab00000| Untracked 
| 172|0x000000008ac00000, 0x000000008ac00000, 0x000000008ad00000|  0%| F|  |TAMS 0x000000008ac00000, 0x000000008ac00000| Untracked 
| 173|0x000000008ad00000, 0x000000008ad00000, 0x000000008ae00000|  0%| F|  |TAMS 0x000000008ad00000, 0x000000008ad00000| Untracked 
| 174|0x000000008ae00000, 0x000000008ae00000, 0x000000008af00000|  0%| F|  |TAMS 0x000000008ae00000, 0x000000008ae00000| Untracked 
| 175|0x000000008af00000, 0x000000008af00000, 0x000000008b000000|  0%| F|  |TAMS 0x000000008af00000, 0x000000008af00000| Untracked 
| 176|0x000000008b000000, 0x000000008b000000, 0x000000008b100000|  0%| F|  |TAMS 0x000000008b000000, 0x000000008b000000| Untracked 
| 177|0x000000008b100000, 0x000000008b100000, 0x000000008b200000|  0%| F|  |TAMS 0x000000008b100000, 0x000000008b100000| Untracked 
| 178|0x000000008b200000, 0x000000008b200000, 0x000000008b300000|  0%| F|  |TAMS 0x000000008b200000, 0x000000008b200000| Untracked 
| 179|0x000000008b300000, 0x000000008b300000, 0x000000008b400000|  0%| F|  |TAMS 0x000000008b300000, 0x000000008b300000| Untracked 
| 180|0x000000008b400000, 0x000000008b400000, 0x000000008b500000|  0%| F|  |TAMS 0x000000008b400000, 0x000000008b400000| Untracked 
| 181|0x000000008b500000, 0x000000008b500000, 0x000000008b600000|  0%| F|  |TAMS 0x000000008b500000, 0x000000008b500000| Untracked 
| 182|0x000000008b600000, 0x000000008b600000, 0x000000008b700000|  0%| F|  |TAMS 0x000000008b600000, 0x000000008b600000| Untracked 
| 183|0x000000008b700000, 0x000000008b700000, 0x000000008b800000|  0%| F|  |TAMS 0x000000008b700000, 0x000000008b700000| Untracked 
| 184|0x000000008b800000, 0x000000008b800000, 0x000000008b900000|  0%| F|  |TAMS 0x000000008b800000, 0x000000008b800000| Untracked 
| 185|0x000000008b900000, 0x000000008b900000, 0x000000008ba00000|  0%| F|  |TAMS 0x000000008b900000, 0x000000008b900000| Untracked 
| 186|0x000000008ba00000, 0x000000008ba00000, 0x000000008bb00000|  0%| F|  |TAMS 0x000000008ba00000, 0x000000008ba00000| Untracked 
| 187|0x000000008bb00000, 0x000000008bb00000, 0x000000008bc00000|  0%| F|  |TAMS 0x000000008bb00000, 0x000000008bb00000| Untracked 
| 188|0x000000008bc00000, 0x000000008bc00000, 0x000000008bd00000|  0%| F|  |TAMS 0x000000008bc00000, 0x000000008bc00000| Untracked 
| 189|0x000000008bd00000, 0x000000008bd00000, 0x000000008be00000|  0%| F|  |TAMS 0x000000008bd00000, 0x000000008bd00000| Untracked 
| 190|0x000000008be00000, 0x000000008be00000, 0x000000008bf00000|  0%| F|  |TAMS 0x000000008be00000, 0x000000008be00000| Untracked 
| 191|0x000000008bf00000, 0x000000008bf00000, 0x000000008c000000|  0%| F|  |TAMS 0x000000008bf00000, 0x000000008bf00000| Untracked 
| 192|0x000000008c000000, 0x000000008c000000, 0x000000008c100000|  0%| F|  |TAMS 0x000000008c000000, 0x000000008c000000| Untracked 
| 193|0x000000008c100000, 0x000000008c100000, 0x000000008c200000|  0%| F|  |TAMS 0x000000008c100000, 0x000000008c100000| Untracked 
| 194|0x000000008c200000, 0x000000008c200000, 0x000000008c300000|  0%| F|  |TAMS 0x000000008c200000, 0x000000008c200000| Untracked 
| 195|0x000000008c300000, 0x000000008c300000, 0x000000008c400000|  0%| F|  |TAMS 0x000000008c300000, 0x000000008c300000| Untracked 
| 196|0x000000008c400000, 0x000000008c400000, 0x000000008c500000|  0%| F|  |TAMS 0x000000008c400000, 0x000000008c400000| Untracked 
| 197|0x000000008c500000, 0x000000008c500000, 0x000000008c600000|  0%| F|  |TAMS 0x000000008c500000, 0x000000008c500000| Untracked 
| 198|0x000000008c600000, 0x000000008c600000, 0x000000008c700000|  0%| F|  |TAMS 0x000000008c600000, 0x000000008c600000| Untracked 
| 199|0x000000008c700000, 0x000000008c700000, 0x000000008c800000|  0%| F|  |TAMS 0x000000008c700000, 0x000000008c700000| Untracked 
| 200|0x000000008c800000, 0x000000008c800000, 0x000000008c900000|  0%| F|  |TAMS 0x000000008c800000, 0x000000008c800000| Untracked 
| 201|0x000000008c900000, 0x000000008c900000, 0x000000008ca00000|  0%| F|  |TAMS 0x000000008c900000, 0x000000008c900000| Untracked 
| 202|0x000000008ca00000, 0x000000008ca00000, 0x000000008cb00000|  0%| F|  |TAMS 0x000000008ca00000, 0x000000008ca00000| Untracked 
| 203|0x000000008cb00000, 0x000000008cb00000, 0x000000008cc00000|  0%| F|  |TAMS 0x000000008cb00000, 0x000000008cb00000| Untracked 
| 204|0x000000008cc00000, 0x000000008cc4e990, 0x000000008cd00000| 30%| S|CS|TAMS 0x000000008cc00000, 0x000000008cc00000| Complete 
| 205|0x000000008cd00000, 0x000000008ce00000, 0x000000008ce00000|100%| S|CS|TAMS 0x000000008cd00000, 0x000000008cd00000| Complete 
| 206|0x000000008ce00000, 0x000000008cf00000, 0x000000008cf00000|100%| S|CS|TAMS 0x000000008ce00000, 0x000000008ce00000| Complete 
| 207|0x000000008cf00000, 0x000000008cf00000, 0x000000008d000000|  0%| F|  |TAMS 0x000000008cf00000, 0x000000008cf00000| Untracked 
| 208|0x000000008d000000, 0x000000008d000000, 0x000000008d100000|  0%| F|  |TAMS 0x000000008d000000, 0x000000008d000000| Untracked 
| 209|0x000000008d100000, 0x000000008d100000, 0x000000008d200000|  0%| F|  |TAMS 0x000000008d100000, 0x000000008d100000| Untracked 
| 210|0x000000008d200000, 0x000000008d200000, 0x000000008d300000|  0%| F|  |TAMS 0x000000008d200000, 0x000000008d200000| Untracked 
| 211|0x000000008d300000, 0x000000008d300000, 0x000000008d400000|  0%| F|  |TAMS 0x000000008d300000, 0x000000008d300000| Untracked 
| 212|0x000000008d400000, 0x000000008d400000, 0x000000008d500000|  0%| F|  |TAMS 0x000000008d400000, 0x000000008d400000| Untracked 
| 213|0x000000008d500000, 0x000000008d500000, 0x000000008d600000|  0%| F|  |TAMS 0x000000008d500000, 0x000000008d500000| Untracked 
| 214|0x000000008d600000, 0x000000008d600000, 0x000000008d700000|  0%| F|  |TAMS 0x000000008d600000, 0x000000008d600000| Untracked 
| 215|0x000000008d700000, 0x000000008d700000, 0x000000008d800000|  0%| F|  |TAMS 0x000000008d700000, 0x000000008d700000| Untracked 
| 216|0x000000008d800000, 0x000000008d800000, 0x000000008d900000|  0%| F|  |TAMS 0x000000008d800000, 0x000000008d800000| Untracked 
| 217|0x000000008d900000, 0x000000008d900000, 0x000000008da00000|  0%| F|  |TAMS 0x000000008d900000, 0x000000008d900000| Untracked 
| 218|0x000000008da00000, 0x000000008da00000, 0x000000008db00000|  0%| F|  |TAMS 0x000000008da00000, 0x000000008da00000| Untracked 
| 219|0x000000008db00000, 0x000000008db00000, 0x000000008dc00000|  0%| F|  |TAMS 0x000000008db00000, 0x000000008db00000| Untracked 
| 220|0x000000008dc00000, 0x000000008dc00000, 0x000000008dd00000|  0%| F|  |TAMS 0x000000008dc00000, 0x000000008dc00000| Untracked 
| 221|0x000000008dd00000, 0x000000008dd00000, 0x000000008de00000|  0%| F|  |TAMS 0x000000008dd00000, 0x000000008dd00000| Untracked 
| 222|0x000000008de00000, 0x000000008de00000, 0x000000008df00000|  0%| F|  |TAMS 0x000000008de00000, 0x000000008de00000| Untracked 
| 223|0x000000008df00000, 0x000000008df00000, 0x000000008e000000|  0%| F|  |TAMS 0x000000008df00000, 0x000000008df00000| Untracked 
| 224|0x000000008e000000, 0x000000008e000000, 0x000000008e100000|  0%| F|  |TAMS 0x000000008e000000, 0x000000008e000000| Untracked 
| 225|0x000000008e100000, 0x000000008e100000, 0x000000008e200000|  0%| F|  |TAMS 0x000000008e100000, 0x000000008e100000| Untracked 
| 226|0x000000008e200000, 0x000000008e200000, 0x000000008e300000|  0%| F|  |TAMS 0x000000008e200000, 0x000000008e200000| Untracked 
| 227|0x000000008e300000, 0x000000008e300000, 0x000000008e400000|  0%| F|  |TAMS 0x000000008e300000, 0x000000008e300000| Untracked 
| 228|0x000000008e400000, 0x000000008e400000, 0x000000008e500000|  0%| F|  |TAMS 0x000000008e400000, 0x000000008e400000| Untracked 
| 229|0x000000008e500000, 0x000000008e500000, 0x000000008e600000|  0%| F|  |TAMS 0x000000008e500000, 0x000000008e500000| Untracked 
| 230|0x000000008e600000, 0x000000008e600000, 0x000000008e700000|  0%| F|  |TAMS 0x000000008e600000, 0x000000008e600000| Untracked 
| 231|0x000000008e700000, 0x000000008e700000, 0x000000008e800000|  0%| F|  |TAMS 0x000000008e700000, 0x000000008e700000| Untracked 
| 232|0x000000008e800000, 0x000000008e800000, 0x000000008e900000|  0%| F|  |TAMS 0x000000008e800000, 0x000000008e800000| Untracked 
| 233|0x000000008e900000, 0x000000008e900000, 0x000000008ea00000|  0%| F|  |TAMS 0x000000008e900000, 0x000000008e900000| Untracked 
| 234|0x000000008ea00000, 0x000000008ea00000, 0x000000008eb00000|  0%| F|  |TAMS 0x000000008ea00000, 0x000000008ea00000| Untracked 
| 235|0x000000008eb00000, 0x000000008eb00000, 0x000000008ec00000|  0%| F|  |TAMS 0x000000008eb00000, 0x000000008eb00000| Untracked 
| 236|0x000000008ec00000, 0x000000008ec00000, 0x000000008ed00000|  0%| F|  |TAMS 0x000000008ec00000, 0x000000008ec00000| Untracked 
| 237|0x000000008ed00000, 0x000000008ed00000, 0x000000008ee00000|  0%| F|  |TAMS 0x000000008ed00000, 0x000000008ed00000| Untracked 
| 238|0x000000008ee00000, 0x000000008ee00000, 0x000000008ef00000|  0%| F|  |TAMS 0x000000008ee00000, 0x000000008ee00000| Untracked 
| 239|0x000000008ef00000, 0x000000008ef00000, 0x000000008f000000|  0%| F|  |TAMS 0x000000008ef00000, 0x000000008ef00000| Untracked 
| 240|0x000000008f000000, 0x000000008f000000, 0x000000008f100000|  0%| F|  |TAMS 0x000000008f000000, 0x000000008f000000| Untracked 
| 241|0x000000008f100000, 0x000000008f100000, 0x000000008f200000|  0%| F|  |TAMS 0x000000008f100000, 0x000000008f100000| Untracked 
| 242|0x000000008f200000, 0x000000008f200000, 0x000000008f300000|  0%| F|  |TAMS 0x000000008f200000, 0x000000008f200000| Untracked 
| 243|0x000000008f300000, 0x000000008f300000, 0x000000008f400000|  0%| F|  |TAMS 0x000000008f300000, 0x000000008f300000| Untracked 
| 244|0x000000008f400000, 0x000000008f400000, 0x000000008f500000|  0%| F|  |TAMS 0x000000008f400000, 0x000000008f400000| Untracked 
| 245|0x000000008f500000, 0x000000008f500000, 0x000000008f600000|  0%| F|  |TAMS 0x000000008f500000, 0x000000008f500000| Untracked 
| 246|0x000000008f600000, 0x000000008f600000, 0x000000008f700000|  0%| F|  |TAMS 0x000000008f600000, 0x000000008f600000| Untracked 
| 247|0x000000008f700000, 0x000000008f700000, 0x000000008f800000|  0%| F|  |TAMS 0x000000008f700000, 0x000000008f700000| Untracked 
| 248|0x000000008f800000, 0x000000008f800000, 0x000000008f900000|  0%| F|  |TAMS 0x000000008f800000, 0x000000008f800000| Untracked 
| 249|0x000000008f900000, 0x000000008f900000, 0x000000008fa00000|  0%| F|  |TAMS 0x000000008f900000, 0x000000008f900000| Untracked 
| 250|0x000000008fa00000, 0x000000008fb00000, 0x000000008fb00000|100%| E|  |TAMS 0x000000008fa00000, 0x000000008fa00000| Complete 
| 251|0x000000008fb00000, 0x000000008fc00000, 0x000000008fc00000|100%| E|CS|TAMS 0x000000008fb00000, 0x000000008fb00000| Complete 
| 252|0x000000008fc00000, 0x000000008fd00000, 0x000000008fd00000|100%| E|CS|TAMS 0x000000008fc00000, 0x000000008fc00000| Complete 
| 253|0x000000008fd00000, 0x000000008fe00000, 0x000000008fe00000|100%| E|CS|TAMS 0x000000008fd00000, 0x000000008fd00000| Complete 
| 254|0x000000008fe00000, 0x000000008ff00000, 0x000000008ff00000|100%| E|CS|TAMS 0x000000008fe00000, 0x000000008fe00000| Complete 
| 255|0x000000008ff00000, 0x0000000090000000, 0x0000000090000000|100%| E|CS|TAMS 0x000000008ff00000, 0x000000008ff00000| Complete 

Card table byte_map: [0x000002a871330000,0x000002a871730000] _byte_map_base: 0x000002a870f30000

Marking Bits (Prev, Next): (CMBitMap*) 0x000002a85d7e6690, (CMBitMap*) 0x000002a85d7e6658
 Prev Bits: [0x000002a873b30000, 0x000002a875b30000)
 Next Bits: [0x000002a871b30000, 0x000002a873b30000)

Polling page: 0x000002a85bf90000

Metaspace:

Usage:
  Non-class:     23.02 MB capacity,    22.58 MB ( 98%) used,   404.95 KB (  2%) free+waste,    51.38 KB ( <1%) overhead. 
      Class:      3.58 MB capacity,     3.39 MB ( 95%) used,   172.23 KB (  5%) free+waste,    25.81 KB ( <1%) overhead. 
       Both:     26.61 MB capacity,    25.97 MB ( 98%) used,   577.19 KB (  2%) free+waste,    77.19 KB ( <1%) overhead. 

Virtual space:
  Non-class space:       24.00 MB reserved,      23.25 MB ( 97%) committed 
      Class space:        1.00 GB reserved,       3.63 MB ( <1%) committed 
             Both:        1.02 GB reserved,      26.88 MB (  3%) committed 

Chunk freelists:
   Non-Class:  39.00 KB
       Class:  10.00 KB
        Both:  49.00 KB

MaxMetaspaceSize: 17179869184.00 GB
CompressedClassSpaceSize: 1.00 GB
Initial GC threshold: 20.80 MB
Current GC threshold: 35.00 MB
CDS: off

CodeHeap 'non-profiled nmethods': size=120000Kb used=1170Kb max_used=1170Kb free=118829Kb
 bounds [0x000002a868d80000, 0x000002a868ff0000, 0x000002a8702b0000]
CodeHeap 'profiled nmethods': size=120000Kb used=4712Kb max_used=4712Kb free=115287Kb
 bounds [0x000002a861850000, 0x000002a861cf0000, 0x000002a868d80000]
CodeHeap 'non-nmethods': size=5760Kb used=1232Kb max_used=1274Kb free=4527Kb
 bounds [0x000002a8612b0000, 0x000002a861520000, 0x000002a861850000]
 total_blobs=2715 nmethods=2211 adapters=416
 compilation: enabled
              stopped_count=0, restarted_count=0
 full_count=0

Compilation events (20 events):
Event: 2.743 Thread 0x000002a87914d800 nmethod 2200 0x000002a861ce6910 code [0x000002a861ce6b20, 0x000002a861ce6f88]
Event: 2.743 Thread 0x000002a87914d800 2201       3       java.lang.reflect.ProxyGenerator::code_ldc (64 bytes)
Event: 2.744 Thread 0x000002a87914d800 nmethod 2201 0x000002a861ce7190 code [0x000002a861ce73e0, 0x000002a861ce7da8]
Event: 2.748 Thread 0x000002a87914d800 2203       3       com.google.common.base.CharMatcher$IsEither::matches (22 bytes)
Event: 2.748 Thread 0x000002a87914d800 nmethod 2203 0x000002a861ce8110 code [0x000002a861ce82c0, 0x000002a861ce8458]
Event: 2.749 Thread 0x000002a87914d800 2204       3       java.util.Collections$UnmodifiableCollection::size (10 bytes)
Event: 2.749 Thread 0x000002a87914d800 nmethod 2204 0x000002a861ce8510 code [0x000002a861ce86c0, 0x000002a861ce8888]
Event: 2.749 Thread 0x000002a87914d800 2206       3       java.util.Collections$UnmodifiableList::get (11 bytes)
Event: 2.749 Thread 0x000002a87914d800 nmethod 2206 0x000002a861ce8990 code [0x000002a861ce8b40, 0x000002a861ce8d08]
Event: 2.749 Thread 0x000002a87914d800 2207       1       org.gradle.api.internal.file.pattern.EndOfPathMatcher::getMaxSegments (2 bytes)
Event: 2.749 Thread 0x000002a87914d800 nmethod 2207 0x000002a868e92a90 code [0x000002a868e92c40, 0x000002a868e92cf8]
Event: 2.749 Thread 0x000002a87914d800 2208       3       org.gradle.api.internal.file.pattern.PatternMatcherFactory::compile (117 bytes)
Event: 2.749 Thread 0x000002a87914d800 nmethod 2208 0x000002a861ce8e10 code [0x000002a861ce90c0, 0x000002a861ce9d58]
Event: 2.759 Thread 0x000002a87cc8e000 nmethod 2156% 0x000002a868e92d90 code [0x000002a868e930a0, 0x000002a868e94670]
Event: 2.759 Thread 0x000002a87cc8e000 2202       4       com.google.common.base.CharMatcher::indexIn (48 bytes)
Event: 2.764 Thread 0x000002a87914d800 2209   !   3       java.util.concurrent.ConcurrentHashMap::putVal (432 bytes)
Event: 2.764 Thread 0x000002a87cc8e000 nmethod 2202 0x000002a868e95910 code [0x000002a868e95ae0, 0x000002a868e95db8]
Event: 2.764 Thread 0x000002a87cc8e000 2205       4       java.util.ArrayList::get (15 bytes)
Event: 2.765 Thread 0x000002a87cc8e000 nmethod 2205 0x000002a868e96090 code [0x000002a868e96220, 0x000002a868e962f8]
Event: 2.765 Thread 0x000002a87cc8e000 2181  s    4       java.io.DataOutputStream::write (14 bytes)

GC Heap History (6 events):
Event: 0.654 GC heap before
{Heap before GC invocations=0 (full 0):
 garbage-first heap   total 262144K, used 29696K [0x0000000080000000, 0x0000000100000000)
  region size 1024K, 24 young (24576K), 0 survivors (0K)
 Metaspace       used 10177K, capacity 10403K, committed 10624K, reserved 1058816K
  class space    used 1064K, capacity 1106K, committed 1152K, reserved 1048576K
}
Event: 0.659 GC heap after
{Heap after GC invocations=1 (full 0):
 garbage-first heap   total 262144K, used 9724K [0x0000000080000000, 0x0000000100000000)
  region size 1024K, 3 young (3072K), 3 survivors (3072K)
 Metaspace       used 10177K, capacity 10403K, committed 10624K, reserved 1058816K
  class space    used 1064K, capacity 1106K, committed 1152K, reserved 1048576K
}
Event: 2.290 GC heap before
{Heap before GC invocations=1 (full 0):
 garbage-first heap   total 262144K, used 113148K [0x0000000080000000, 0x0000000100000000)
  region size 1024K, 105 young (107520K), 3 survivors (3072K)
 Metaspace       used 20627K, capacity 21085K, committed 21248K, reserved 1067008K
  class space    used 2543K, capacity 2712K, committed 2816K, reserved 1048576K
}
Event: 2.298 GC heap after
{Heap after GC invocations=2 (full 0):
 garbage-first heap   total 262144K, used 17637K [0x0000000080000000, 0x0000000100000000)
  region size 1024K, 11 young (11264K), 11 survivors (11264K)
 Metaspace       used 20627K, capacity 21085K, committed 21248K, reserved 1067008K
  class space    used 2543K, capacity 2712K, committed 2816K, reserved 1048576K
}
Event: 2.723 GC heap before
{Heap before GC invocations=3 (full 0):
 garbage-first heap   total 262144K, used 66789K [0x0000000080000000, 0x0000000100000000)
  region size 1024K, 60 young (61440K), 11 survivors (11264K)
 Metaspace       used 25846K, capacity 26465K, committed 26624K, reserved 1073152K
  class space    used 3345K, capacity 3553K, committed 3584K, reserved 1048576K
}
Event: 2.731 GC heap after
{Heap after GC invocations=4 (full 0):
 garbage-first heap   total 262144K, used 19446K [0x0000000080000000, 0x0000000100000000)
  region size 1024K, 3 young (3072K), 3 survivors (3072K)
 Metaspace       used 25846K, capacity 26465K, committed 26624K, reserved 1073152K
  class space    used 3345K, capacity 3553K, committed 3584K, reserved 1048576K
}

Deoptimization events (20 events):
Event: 2.470 Thread 0x000002a8792c4000 DEOPT PACKING pc=0x000002a861bf1cf6 sp=0x000000f353bfae50
Event: 2.470 Thread 0x000002a8792c4000 DEOPT UNPACKING pc=0x000002a8612fa95e sp=0x000000f353bfa370 mode 0
Event: 2.517 Thread 0x000002a8792c4000 DEOPT PACKING pc=0x000002a861bf1cf6 sp=0x000000f353bfaee0
Event: 2.517 Thread 0x000002a8792c4000 DEOPT UNPACKING pc=0x000002a8612fa95e sp=0x000000f353bfa400 mode 0
Event: 2.523 Thread 0x000002a8792c4000 Uncommon trap: trap_request=0xffffff4d fr.pc=0x000002a868e701fc relative=0x000000000000023c
Event: 2.523 Thread 0x000002a8792c4000 Uncommon trap: reason=unstable_if action=reinterpret pc=0x000002a868e701fc method=java.util.concurrent.ConcurrentHashMap.get(Ljava/lang/Object;)Ljava/lang/Object; @ 76 c2
Event: 2.523 Thread 0x000002a8792c4000 DEOPT PACKING pc=0x000002a868e701fc sp=0x000000f353bf98e0
Event: 2.523 Thread 0x000002a8792c4000 DEOPT UNPACKING pc=0x000002a8612fa1af sp=0x000000f353bf9848 mode 2
Event: 2.531 Thread 0x000002a8792c4000 DEOPT PACKING pc=0x000002a861bf1cd5 sp=0x000000f353bf76c0
Event: 2.531 Thread 0x000002a8792c4000 DEOPT UNPACKING pc=0x000002a8612fa95e sp=0x000000f353bf6be0 mode 0
Event: 2.539 Thread 0x000002a8792c4000 DEOPT PACKING pc=0x000002a861bf1cf6 sp=0x000000f353bf9d20
Event: 2.539 Thread 0x000002a8792c4000 DEOPT UNPACKING pc=0x000002a8612fa95e sp=0x000000f353bf9240 mode 0
Event: 2.746 Thread 0x000002a8792c4000 Uncommon trap: trap_request=0xffffff7e fr.pc=0x000002a868e922a8 relative=0x0000000000000168
Event: 2.746 Thread 0x000002a8792c4000 Uncommon trap: reason=predicate action=maybe_recompile pc=0x000002a868e922a8 method=com.google.common.base.CharMatcher.indexIn(Ljava/lang/CharSequence;I)I @ 19 c2
Event: 2.746 Thread 0x000002a8792c4000 DEOPT PACKING pc=0x000002a868e922a8 sp=0x000000f353bfb5d0
Event: 2.746 Thread 0x000002a8792c4000 DEOPT UNPACKING pc=0x000002a8612fa1af sp=0x000000f353bfb560 mode 2
Event: 2.756 Thread 0x000002a8792c4000 Uncommon trap: trap_request=0xffffff4d fr.pc=0x000002a868e344e4 relative=0x0000000000001424
Event: 2.756 Thread 0x000002a8792c4000 Uncommon trap: reason=unstable_if action=reinterpret pc=0x000002a868e344e4 method=java.util.concurrent.ConcurrentHashMap.putVal(Ljava/lang/Object;Ljava/lang/Object;Z)Ljava/lang/Object; @ 231 c2
Event: 2.756 Thread 0x000002a8792c4000 DEOPT PACKING pc=0x000002a868e344e4 sp=0x000000f353bfc850
Event: 2.756 Thread 0x000002a8792c4000 DEOPT UNPACKING pc=0x000002a8612fa1af sp=0x000000f353bfc7d0 mode 2

Classes redefined (0 events):
No events

Internal exceptions (20 events):
Event: 1.408 Thread 0x000002a85d7a2800 Exception <a 'java/lang/NoSuchMethodError'{0x000000008c13be08}: 'java.lang.Object java.lang.invoke.DirectMethodHandle$Holder.invokeStaticInit(java.lang.Object, int, int, int, int)'> (0x000000008c13be08) thrown at [./src/hotspot/share/interpreter/linkResolver.cpp, line 773]
Event: 1.608 Thread 0x000002a85d7a2800 Exception <a 'java/lang/NoSuchMethodError'{0x000000008c194b50}: 'java.lang.Object java.lang.invoke.DirectMethodHandle$Holder.invokeStaticInit(java.lang.Object, java.lang.Object, int, int, int, int)'> (0x000000008c194b50) thrown at [./src/hotspot/share/interpreter/linkResolver.cpp, line 773]
Event: 1.919 Thread 0x000002a85d7a2800 Exception <a 'java/io/IOException'{0x000000008bfd4548}> (0x000000008bfd4548) thrown at [./src/hotspot/share/prims/jni.cpp, line 615]
Event: 2.009 Thread 0x000002a8792c4000 Exception <a 'java/lang/NoSuchMethodError'{0x000000008b8ed6b8}: 'long java.lang.invoke.DirectMethodHandle$Holder.invokeInterface(java.lang.Object, java.lang.Object)'> (0x000000008b8ed6b8) thrown at [./src/hotspot/share/interpreter/linkResolver.cpp, line 773]
Event: 2.010 Thread 0x000002a8792c4000 Exception <a 'java/lang/NoSuchMethodError'{0x000000008b8fa758}: 'void java.lang.invoke.DelegatingMethodHandle$Holder.reinvoke_L(java.lang.Object, java.lang.Object, java.lang.Object, java.lang.Object, java.lang.Object, java.lang.Object, java.lang.Object)'> (0x000000008b8fa758) thrown at [./src/hotspot/share/interpreter/linkResolver.cpp, line 773]
Event: 2.222 Thread 0x000002a8792c4000 Exception <a 'java/lang/NoSuchMethodError'{0x0000000089c051d8}: 'void java.lang.invoke.DirectMethodHandle$Holder.invokeStaticInit(java.lang.Object)'> (0x0000000089c051d8) thrown at [./src/hotspot/share/interpreter/linkResolver.cpp, line 773]
Event: 2.233 Thread 0x000002a8792c4000 Exception <a 'java/lang/NoSuchMethodError'{0x0000000089cb19d0}: 'java.lang.Object java.lang.invoke.DirectMethodHandle$Holder.invokeStatic(java.lang.Object, java.lang.Object, java.lang.Object, int)'> (0x0000000089cb19d0) thrown at [./src/hotspot/share/interpreter/linkResolver.cpp, line 773]
Event: 2.233 Thread 0x000002a8792c4000 Exception <a 'java/lang/NoSuchMethodError'{0x0000000089cb60e8}: 'java.lang.Object java.lang.invoke.DirectMethodHandle$Holder.invokeSpecial(java.lang.Object, java.lang.Object, java.lang.Object, java.lang.Object, int)'> (0x0000000089cb60e8) thrown at [./src/hotspot/share/interpreter/linkResolver.cpp, line 773]
Event: 2.233 Thread 0x000002a8792c4000 Exception <a 'java/lang/NoSuchMethodError'{0x0000000089cba020}: 'java.lang.Object java.lang.invoke.Invokers$Holder.linkToTargetMethod(java.lang.Object, java.lang.Object, int, java.lang.Object)'> (0x0000000089cba020) thrown at [./src/hotspot/share/interpreter/linkResolver.cpp, line 773]
Event: 2.328 Thread 0x000002a8792c4000 Exception <a 'java/lang/NoSuchMethodError'{0x000000008fdf2c20}: 'int java.lang.invoke.DirectMethodHandle$Holder.invokeSpecialIFC(java.lang.Object, java.lang.Object, java.lang.Object, java.lang.Object)'> (0x000000008fdf2c20) thrown at [./src/hotspot/share/interpreter/linkResolver.cpp, line 773]
Event: 2.330 Thread 0x000002a8792c4000 Exception <a 'java/lang/NoSuchMethodError'{0x000000008fc01088}: 'java.lang.Object java.lang.invoke.DirectMethodHandle$Holder.invokeInterface(java.lang.Object, java.lang.Object, java.lang.Object)'> (0x000000008fc01088) thrown at [./src/hotspot/share/interpreter/linkResolver.cpp, line 773]
Event: 2.330 Thread 0x000002a8792c4000 Exception <a 'java/lang/IncompatibleClassChangeError'{0x000000008fc04560}: Found class java.lang.Object, but interface was expected> (0x000000008fc04560) thrown at [./src/hotspot/share/interpreter/linkResolver.cpp, line 839]
Event: 2.429 Thread 0x000002a8792c4000 Exception <a 'java/lang/NoSuchMethodError'{0x000000008f183b00}: 'java.lang.Object java.lang.invoke.DirectMethodHandle$Holder.invokeSpecial(java.lang.Object, java.lang.Object, java.lang.Object, java.lang.Object, java.lang.Object, java.lang.Object, java.lang.Object, java.lang.Object, java.lang.Object)'> (0x000000008f183b00) thrown at [./src/hotspot/share/interpreter/linkResolver.cpp, line 773]
Event: 2.477 Thread 0x000002a8792c4000 Exception <a 'java/lang/NoSuchMethodError'{0x000000008e7232e0}: 'java.lang.Object java.lang.invoke.DirectMethodHandle$Holder.invokeVirtual(java.lang.Object, java.lang.Object, java.lang.Object, java.lang.Object)'> (0x000000008e7232e0) thrown at [./src/hotspot/share/interpreter/linkResolver.cpp, line 773]
Event: 2.551 Thread 0x000002a8792c4000 Exception <a 'java/lang/NoSuchMethodError'{0x000000008e1e95d0}: 'void java.lang.invoke.DirectMethodHandle$Holder.invokeSpecial(java.lang.Object, java.lang.Object, java.lang.Object, java.lang.Object, java.lang.Object, java.lang.Object)'> (0x000000008e1e95d0) thrown at [./src/hotspot/share/interpreter/linkResolver.cpp, line 773]
Event: 2.560 Thread 0x000002a8792c4000 Exception <a 'java/lang/NoSuchMethodError'{0x000000008e058d18}: 'void java.lang.invoke.DirectMethodHandle$Holder.invokeSpecial(java.lang.Object, java.lang.Object, java.lang.Object, java.lang.Object, java.lang.Object, java.lang.Object, java.lang.Object)'> (0x000000008e058d18) thrown at [./src/hotspot/share/interpreter/linkResolver.cpp, line 773]
Event: 2.560 Thread 0x000002a8792c4000 Exception <a 'java/lang/NoSuchMethodError'{0x000000008e061208}: 'java.lang.Object java.lang.invoke.Invokers$Holder.linkToTargetMethod(java.lang.Object, java.lang.Object, java.lang.Object, java.lang.Object, java.lang.Object, java.lang.Object)'> (0x000000008e061208) thrown at [./src/hotspot/share/interpreter/linkResolver.cpp, line 773]
Event: 2.632 Thread 0x000002a8792c4000 Exception <a 'java/lang/NoSuchMethodError'{0x000000008d7cba98}: 'int java.lang.invoke.DirectMethodHandle$Holder.invokeStaticInit(java.lang.Object, java.lang.Object, java.lang.Object)'> (0x000000008d7cba98) thrown at [./src/hotspot/share/interpreter/linkResolver.cpp, line 773]
Event: 2.688 Thread 0x000002a8792c4000 Exception <a 'java/lang/NoSuchMethodError'{0x000000008d2ff650}: 'void java.lang.invoke.DirectMethodHandle$Holder.invokeStaticInit(java.lang.Object, java.lang.Object)'> (0x000000008d2ff650) thrown at [./src/hotspot/share/interpreter/linkResolver.cpp, line 773]
Event: 2.764 Thread 0x000002a8792c4000 Exception <a 'java/lang/NoSuchMethodError'{0x000000008fc4a3f0}: 'void java.lang.invoke.DirectMethodHandle$Holder.invokeStatic(java.lang.Object, java.lang.Object, java.lang.Object, java.lang.Object)'> (0x000000008fc4a3f0) thrown at [./src/hotspot/share/interpreter/linkResolver.cpp, line 773]

Events (20 events):
Event: 2.763 loading class net/rubygrapefruit/platform/file/FileWatchEvent$Handler done
Event: 2.763 loading class org/gradle/internal/watch/registry/impl/DefaultFileWatcherRegistry$MutableFileWatchingStatistics
Event: 2.763 loading class org/gradle/internal/watch/registry/impl/DefaultFileWatcherRegistry$MutableFileWatchingStatistics done
Event: 2.764 loading class org/gradle/internal/watch/registry/FileWatcherRegistry$ChangeHandler
Event: 2.764 loading class org/gradle/internal/watch/registry/FileWatcherRegistry$ChangeHandler done
Event: 2.764 loading class org/gradle/internal/watch/registry/impl/DefaultFileWatcherRegistry
Event: 2.764 loading class org/gradle/internal/watch/registry/impl/DefaultFileWatcherRegistry done
Event: 2.764 loading class org/gradle/internal/watch/registry/FileWatcherRegistry$ChangeHandler
Event: 2.764 loading class org/gradle/internal/watch/registry/FileWatcherRegistry$ChangeHandler done
Event: 2.764 Executing VM operation: RevokeBias
Event: 2.764 Executing VM operation: RevokeBias done
Event: 2.765 loading class org/gradle/internal/watch/registry/FileWatcherRegistry$ChangeHandler
Event: 2.765 loading class org/gradle/internal/watch/registry/FileWatcherRegistry$ChangeHandler done
Event: 2.765 Thread 0x000002a87b801000 Thread added: 0x000002a87b801000
Event: 2.765 loading class net/rubygrapefruit/platform/internal/FileSystemList
Event: 2.765 loading class net/rubygrapefruit/platform/internal/FileSystemList done
Event: 2.765 loading class net/rubygrapefruit/platform/file/CaseSensitivity
Event: 2.765 loading class net/rubygrapefruit/platform/file/CaseSensitivity done
Event: 2.765 loading class net/rubygrapefruit/platform/internal/jni/PosixFileSystemFunctions
Event: 2.765 loading class net/rubygrapefruit/platform/internal/jni/PosixFileSystemFunctions done


Dynamic libraries:
0x00007ff71a090000 - 0x00007ff71a09a000 	C:\Users\lautung\AppData\Local\JetBrains\Toolbox\apps\AndroidStudio\ch-0\212.5712.43.2112.8609683\jre\bin\java.exe
0x00007ff974390000 - 0x00007ff974588000 	C:\Windows\SYSTEM32\ntdll.dll
0x00007ff9741a0000 - 0x00007ff97425d000 	C:\Windows\System32\KERNEL32.DLL
0x00007ff971b00000 - 0x00007ff971dce000 	C:\Windows\System32\KERNELBASE.dll
0x00007ff972160000 - 0x00007ff972260000 	C:\Windows\System32\ucrtbase.dll
0x00007ff956530000 - 0x00007ff956549000 	C:\Users\lautung\AppData\Local\JetBrains\Toolbox\apps\AndroidStudio\ch-0\212.5712.43.2112.8609683\jre\bin\jli.dll
0x00007ff955700000 - 0x00007ff955717000 	C:\Users\lautung\AppData\Local\JetBrains\Toolbox\apps\AndroidStudio\ch-0\212.5712.43.2112.8609683\jre\bin\VCRUNTIME140.dll
0x00007ff972f50000 - 0x00007ff9730f0000 	C:\Windows\System32\USER32.dll
0x00007ff972300000 - 0x00007ff972322000 	C:\Windows\System32\win32u.dll
0x00007ff95ffa0000 - 0x00007ff96023a000 	C:\Windows\WinSxS\amd64_microsoft.windows.common-controls_6595b64144ccf1df_6.0.19041.1110_none_60b5254171f9507e\COMCTL32.dll
0x00007ff974150000 - 0x00007ff97417a000 	C:\Windows\System32\GDI32.dll
0x00007ff9737c0000 - 0x00007ff97385e000 	C:\Windows\System32\msvcrt.dll
0x00007ff971dd0000 - 0x00007ff971edb000 	C:\Windows\System32\gdi32full.dll
0x00007ff972260000 - 0x00007ff9722fd000 	C:\Windows\System32\msvcp_win.dll
0x00007ff9736b0000 - 0x00007ff9736e0000 	C:\Windows\System32\IMM32.DLL
0x00007ff928aa0000 - 0x00007ff928b3d000 	C:\Users\lautung\AppData\Local\JetBrains\Toolbox\apps\AndroidStudio\ch-0\212.5712.43.2112.8609683\jre\bin\msvcp140.dll
0x00007ff8ef740000 - 0x00007ff8f0225000 	C:\Users\lautung\AppData\Local\JetBrains\Toolbox\apps\AndroidStudio\ch-0\212.5712.43.2112.8609683\jre\bin\server\jvm.dll
0x00007ff973a80000 - 0x00007ff973b2e000 	C:\Windows\System32\ADVAPI32.dll
0x00007ff9723f0000 - 0x00007ff97248c000 	C:\Windows\System32\sechost.dll
0x00007ff973860000 - 0x00007ff973985000 	C:\Windows\System32\RPCRT4.dll
0x00007ff974260000 - 0x00007ff974268000 	C:\Windows\System32\PSAPI.DLL
0x00007ff960c10000 - 0x00007ff960c19000 	C:\Windows\SYSTEM32\WSOCK32.dll
0x00007ff96c210000 - 0x00007ff96c21a000 	C:\Windows\SYSTEM32\VERSION.dll
0x00007ff966ae0000 - 0x00007ff966b07000 	C:\Windows\SYSTEM32\WINMM.dll
0x00007ff973fb0000 - 0x00007ff97401b000 	C:\Windows\System32\WS2_32.dll
0x00007ff96f9d0000 - 0x00007ff96f9e2000 	C:\Windows\SYSTEM32\kernel.appcore.dll
0x00007ff969770000 - 0x00007ff969781000 	C:\Users\lautung\AppData\Local\JetBrains\Toolbox\apps\AndroidStudio\ch-0\212.5712.43.2112.8609683\jre\bin\verify.dll
0x00007ff9625f0000 - 0x00007ff9627d4000 	C:\Windows\SYSTEM32\DBGHELP.DLL
0x00007ff95fb90000 - 0x00007ff95fbbc000 	C:\Windows\SYSTEM32\dbgcore.DLL
0x00007ff972330000 - 0x00007ff9723b2000 	C:\Windows\System32\bcryptPrimitives.dll
0x00007ff954530000 - 0x00007ff954559000 	C:\Users\lautung\AppData\Local\JetBrains\Toolbox\apps\AndroidStudio\ch-0\212.5712.43.2112.8609683\jre\bin\java.dll
0x00007ff96d610000 - 0x00007ff96d61b000 	C:\Users\lautung\AppData\Local\JetBrains\Toolbox\apps\AndroidStudio\ch-0\212.5712.43.2112.8609683\jre\bin\jimage.dll
0x00007ff958810000 - 0x00007ff958828000 	C:\Users\lautung\AppData\Local\JetBrains\Toolbox\apps\AndroidStudio\ch-0\212.5712.43.2112.8609683\jre\bin\zip.dll
0x00007ff972540000 - 0x00007ff972c84000 	C:\Windows\System32\SHELL32.dll
0x00007ff96fbd0000 - 0x00007ff970364000 	C:\Windows\SYSTEM32\windows.storage.dll
0x00007ff973c50000 - 0x00007ff973fa4000 	C:\Windows\System32\combase.dll
0x00007ff971440000 - 0x00007ff971470000 	C:\Windows\SYSTEM32\Wldp.dll
0x00007ff972490000 - 0x00007ff97253d000 	C:\Windows\System32\SHCORE.dll
0x00007ff973740000 - 0x00007ff973795000 	C:\Windows\System32\shlwapi.dll
0x00007ff9719f0000 - 0x00007ff971a0f000 	C:\Windows\SYSTEM32\profapi.dll
0x00007ff9557b0000 - 0x00007ff9557ca000 	C:\Users\lautung\AppData\Local\JetBrains\Toolbox\apps\AndroidStudio\ch-0\212.5712.43.2112.8609683\jre\bin\net.dll
0x00007ff96c410000 - 0x00007ff96c51a000 	C:\Windows\SYSTEM32\WINHTTP.dll
0x00007ff9711a0000 - 0x00007ff97120a000 	C:\Windows\system32\mswsock.dll
0x00007ff954510000 - 0x00007ff954524000 	C:\Users\lautung\AppData\Local\JetBrains\Toolbox\apps\AndroidStudio\ch-0\212.5712.43.2112.8609683\jre\bin\nio.dll
0x00007ff9558e0000 - 0x00007ff955907000 	C:\Users\lautung\.gradle\native\e1d6ef7f7dcc3fd88c89a11ec53ec762bb8ba0a96d01ffa2cd45eb1d1d8dd5c5\windows-amd64\native-platform.dll
0x00007ff8f5300000 - 0x00007ff8f5444000 	C:\Users\lautung\.gradle\native\5664cfc778a61ccfe75a443a1ab52a65af34e5dc3c78e0209fed803814484fcb\windows-amd64\native-platform-file-events.dll
0x00007ff96d590000 - 0x00007ff96d59a000 	C:\Users\lautung\AppData\Local\JetBrains\Toolbox\apps\AndroidStudio\ch-0\212.5712.43.2112.8609683\jre\bin\management.dll
0x00007ff969740000 - 0x00007ff96974d000 	C:\Users\lautung\AppData\Local\JetBrains\Toolbox\apps\AndroidStudio\ch-0\212.5712.43.2112.8609683\jre\bin\management_ext.dll
0x00007ff9713a0000 - 0x00007ff9713b8000 	C:\Windows\SYSTEM32\CRYPTSP.dll
0x00007ff970b20000 - 0x00007ff970b54000 	C:\Windows\system32\rsaenh.dll
0x00007ff9723c0000 - 0x00007ff9723e7000 	C:\Windows\System32\bcrypt.dll
0x00007ff971970000 - 0x00007ff97199e000 	C:\Windows\SYSTEM32\USERENV.dll
0x00007ff971390000 - 0x00007ff97139c000 	C:\Windows\SYSTEM32\CRYPTBASE.dll
0x00007ff970e90000 - 0x00007ff970ecb000 	C:\Windows\SYSTEM32\IPHLPAPI.DLL
0x00007ff9737a0000 - 0x00007ff9737a8000 	C:\Windows\System32\NSI.dll
0x00007ff96c7e0000 - 0x00007ff96c7f7000 	C:\Windows\SYSTEM32\dhcpcsvc6.DLL
0x00007ff96c7c0000 - 0x00007ff96c7dd000 	C:\Windows\SYSTEM32\dhcpcsvc.DLL
0x00007ff970ed0000 - 0x00007ff970f9a000 	C:\Windows\SYSTEM32\DNSAPI.dll

dbghelp: loaded successfully - version: 4.0.5 - missing functions: none
symbol engine: initialized successfully - sym options: 0x614 - pdb path: .;C:\Users\lautung\AppData\Local\JetBrains\Toolbox\apps\AndroidStudio\ch-0\212.5712.43.2112.8609683\jre\bin;C:\Windows\SYSTEM32;C:\Windows\WinSxS\amd64_microsoft.windows.common-controls_6595b64144ccf1df_6.0.19041.1110_none_60b5254171f9507e;C:\Users\lautung\AppData\Local\JetBrains\Toolbox\apps\AndroidStudio\ch-0\212.5712.43.2112.8609683\jre\bin\server;C:\Users\lautung\.gradle\native\e1d6ef7f7dcc3fd88c89a11ec53ec762bb8ba0a96d01ffa2cd45eb1d1d8dd5c5\windows-amd64;C:\Users\lautung\.gradle\native\5664cfc778a61ccfe75a443a1ab52a65af34e5dc3c78e0209fed803814484fcb\windows-amd64

VM Arguments:
jvm_args: --add-opens=java.base/java.util=ALL-UNNAMED --add-opens=java.base/java.lang=ALL-UNNAMED --add-opens=java.base/java.lang.invoke=ALL-UNNAMED --add-opens=java.base/java.util=ALL-UNNAMED --add-opens=java.prefs/java.util.prefs=ALL-UNNAMED --add-opens=java.prefs/java.util.prefs=ALL-UNNAMED --add-opens=java.base/java.nio.charset=ALL-UNNAMED --add-opens=java.base/java.net=ALL-UNNAMED --add-opens=java.base/java.util.concurrent.atomic=ALL-UNNAMED -Xmx2048m -Dfile.encoding=UTF-8 -Duser.country=CN -Duser.language=zh -Duser.variant 
java_command: org.gradle.launcher.daemon.bootstrap.GradleDaemon 7.3.3
java_class_path (initial): C:\Users\lautung\.gradle\wrapper\dists\gradle-7.3.3-bin\6a41zxkdtcxs8rphpq6y0069z\gradle-7.3.3\lib\gradle-launcher-7.3.3.jar
Launcher Type: SUN_STANDARD

[Global flags]
     intx CICompilerCount                          = 4                                         {product} {ergonomic}
     uint ConcGCThreads                            = 3                                         {product} {ergonomic}
     uint G1ConcRefinementThreads                  = 10                                        {product} {ergonomic}
   size_t G1HeapRegionSize                         = 1048576                                   {product} {ergonomic}
    uintx GCDrainStackTargetSize                   = 64                                        {product} {ergonomic}
   size_t InitialHeapSize                          = 268435456                                 {product} {ergonomic}
   size_t MarkStackSize                            = 4194304                                   {product} {ergonomic}
   size_t MaxHeapSize                              = 2147483648                                {product} {command line}
   size_t MaxNewSize                               = 1287651328                                {product} {ergonomic}
   size_t MinHeapDeltaBytes                        = 1048576                                   {product} {ergonomic}
    uintx NonNMethodCodeHeapSize                   = 5836300                                {pd product} {ergonomic}
    uintx NonProfiledCodeHeapSize                  = 122910970                              {pd product} {ergonomic}
    uintx ProfiledCodeHeapSize                     = 122910970                              {pd product} {ergonomic}
    uintx ReservedCodeCacheSize                    = 251658240                              {pd product} {ergonomic}
     bool SegmentedCodeCache                       = true                                      {product} {ergonomic}
     bool UseCompressedClassPointers               = true                                 {lp64_product} {ergonomic}
     bool UseCompressedOops                        = true                                 {lp64_product} {ergonomic}
     bool UseG1GC                                  = true                                      {product} {ergonomic}
     bool UseLargePagesIndividualAllocation        = false                                  {pd product} {ergonomic}

Logging:
Log output configuration:
 #0: stdout all=warning uptime,level,tags
 #1: stderr all=off uptime,level,tags

Environment Variables:
JAVA_HOME=D:\DevEnv\Java\jdk-17.0.1
PATH=C:\Program Files (x86)\VMware\VMware Workstation\bin\;C:\Program Files (x86)\Common Files\Intel\Shared Libraries\redist\intel64_win\compiler;C:\Windows\system32;C:\Windows;C:\Windows\System32\Wbem;C:\Windows\System32\WindowsPowerShell\v1.0\;C:\Windows\System32\OpenSSH\;C:\Program Files\Microsoft SQL Server\150\Tools\Binn\;C:\Program Files\Microsoft SQL Server\Client SDK\ODBC\170\Tools\Binn\;C:\Program Files (x86)\NVIDIA Corporation\PhysX\Common;C:\Program Files\NVIDIA Corporation\NVIDIA NvDLISR;C:\Program Files\Bandizip\;D:\QuickTime\QTSystem\;C:\Program Files\dotnet\;C:\Users\lautung\AppData\Local\Programs\Python\Python39\Scripts\;C:\Users\lautung\AppData\Local\Programs\Python\Python39\;C:\Users\lautung\.cargo\bin;C:\Users\lautung\AppData\Local\Microsoft\WindowsApps;C:\Users\lautung\AppData\Local\Programs\Microsoft VS Code\bin;D:\DevEnv\Java\jdk-17.0.1\bin;D:\Programs\mysql-8.0.27-winx64\bin;D:\Programs\Git-2.34.1-32-bit\bin;D:\NodeJS\node-v16.13.2-win-x64;D:\CMake\cmake-3.22.1-windows-x86_64\bin;D:\DevEnv\Flutter\bin;D:\DevEnv\Android\AndroidSDK\cmdline-tools\latest\bin;C:\Users\lautung\.dotnet\tools;C:\Users\lautung\AppData\Local\JetBrains\Toolbox\scripts;D:\cygwin64\bin;D:\DevEnv\Android\AndroidSDK\platform-tools;
USERNAME=lautung
OS=Windows_NT
PROCESSOR_IDENTIFIER=AMD64 Family 23 Model 1 Stepping 1, AuthenticAMD



---------------  S Y S T E M  ---------------

OS: Windows 10 , 64 bit Build 19041 (10.0.19041.1889)
OS uptime: 1 days 1:36 hours

CPU:total 12 (initial active 12) (12 cores per cpu, 2 threads per core) family 23 model 1 stepping 1 microcode 0x0, cmov, cx8, fxsr, mmx, sse, sse2, sse3, ssse3, sse4.1, sse4.2, popcnt, avx, avx2, aes, clmul, mmxext, 3dnowpref, lzcnt, sse4a, ht, tsc, tscinvbit, tscinv, bmi1, bmi2, adx, sha, fma

Memory: 4k page, system-wide physical 16335M (2098M free)
TotalPageFile size 23012M (AvailPageFile size 6M)
current process WorkingSet (physical memory assigned to process): 266M, peak: 272M
current process commit charge ("private bytes"): 437M, peak: 443M

vm_info: OpenJDK 64-Bit Server VM (11.0.12+7-b1504.28-7817840) for windows-amd64 JRE (11.0.12+7-b1504.28-7817840), built on Oct 13 2021 22:12:33 by "builder" with MS VC++ 14.0 (VS2015)

END.
